<?xml version="1.0" encoding="UTF-8"?>
<robot generator="Robot 7.3.2 (Python 3.13.3 on win32)" generated="2025-08-03T23:13:20.762707" rpa="false" schemaversion="5">
<suite id="s1" name="Api Test" source="C:\ProgramData\Jenkins\.jenkins\workspace\login_test and api_test\Tests\assignment3\api_test.robot">
<test id="s1-t1" name="Get user profile success" line="14">
<kw name="Create Session" owner="RequestsLibrary">
<msg time="2025-08-03T23:13:21.530365" level="INFO">Creating Session using : alias=httpSession, url=https://reqres.in/api, headers={},                     cookies={}, auth=None, timeout=None, proxies=None, verify=False,                     debug=0 </msg>
<arg>httpSession</arg>
<arg>${BASE_URL}</arg>
<doc>Create Session: create a HTTP session to a server</doc>
<status status="PASS" start="2025-08-03T23:13:21.530165" elapsed="0.000414"/>
</kw>
<kw name="Create Dictionary" owner="BuiltIn">
<msg time="2025-08-03T23:13:21.531033" level="INFO">&amp;{headers} = { x-api-key=reqres-free-v1 | Accept=application/json }</msg>
<var>&amp;{headers}</var>
<arg>x-api-key=${API_KEY}</arg>
<arg>Accept=application/json</arg>
<doc>Creates and returns a dictionary based on the given ``items``.</doc>
<status status="PASS" start="2025-08-03T23:13:21.530732" elapsed="0.000328"/>
</kw>
<kw name="GET On Session" owner="RequestsLibrary">
<msg time="2025-08-03T23:13:22.064202" level="INFO">GET Request : url=https://reqres.in/api/users/12 
 path_url=/api/users/12 
 headers={'User-Agent': 'python-requests/2.32.4', 'Accept-Encoding': 'gzip, deflate', 'Accept': 'application/json', 'Connection': 'keep-alive', 'x-api-key': 'reqres-free-v1'} 
 body=None 
 </msg>
<msg time="2025-08-03T23:13:22.064412" level="INFO">GET Response : url=https://reqres.in/api/users/12 
 status=200, reason=OK 
 headers={'Date': 'Sun, 03 Aug 2025 16:13:24 GMT', 'Content-Type': 'application/json; charset=utf-8', 'Transfer-Encoding': 'chunked', 'Connection': 'keep-alive', 'Content-Encoding': 'gzip', 'Access-Control-Allow-Origin': '*', 'Etag': 'W/"156-dRpOqAStViWxQQvYl7n1A1GXGFw"', 'Nel': '{"report_to":"heroku-nel","response_headers":["Via"],"max_age":3600,"success_fraction":0.01,"failure_fraction":0.1}', 'Ratelimit-Limit': '100', 'Ratelimit-Policy': '100;w=60', 'Ratelimit-Remaining': '98', 'Ratelimit-Reset': '60', 'Referrer-Policy': 'strict-origin-when-cross-origin', 'Report-To': '{"group":"heroku-nel","endpoints":[{"url":"https://nel.heroku.com/reports?s=ONmsoXUxPgTnGXeJTOLFQVQbYoThCcpDWeqbUxhIdF8%3D\\u0026sid=c4c9725f-1ab0-44d8-820f-430df2718e11\\u0026ts=1754236724"}],"max_age":3600}', 'Reporting-Endpoints': 'heroku-nel="https://nel.heroku.com/reports?s=ONmsoXUxPgTnGXeJTOLFQVQbYoThCcpDWeqbUxhIdF8%3D&amp;sid=c4c9725f-1ab0-44d8-820f-430df2718e11&amp;ts=1754236724"', 'Via': '1.1 heroku-router', 'X-Content-Type-Options': 'nosniff', 'X-Frame-Options': 'DENY', 'X-Request-Id': 'c80ed394-e67a-b967-cd04-cd3a6a605d09', 'X-Xss-Protection': '1; mode=block', 'Age': '880', 'Cache-Control': 'max-age=14400', 'cf-cache-status': 'HIT', 'Vary': 'Accept-Encoding', 'Server': 'cloudflare', 'CF-RAY': '96971a270fe3e37f-NRT', 'server-timing': 'cfL4;desc="?proto=TCP&amp;rtt=97207&amp;min_rtt=97159&amp;rtt_var=27421&amp;sent=5&amp;recv=7&amp;lost=0&amp;retrans=0&amp;sent_bytes=2833&amp;recv_bytes=811&amp;delivery_rate=42981&amp;cwnd=252&amp;unsent_bytes=0&amp;cid=c8c23f7feddc4e87&amp;ts=154&amp;x=0"'} 
 body={"data":{"id":12,"email":"rachel.howell@reqres.in","first_name":"Rachel","last_name":"Howell","avatar":"https://reqres.in/img/faces/12-image.jpg"},"support":{"url":"https://contentcaddy.io?utm_source=reqres&amp;utm_medium=json&amp;utm_campaign=referral","text":"Tired of writing endless social media content? Let Content Caddy generate it for you."}} 
 </msg>
<msg time="2025-08-03T23:13:22.064611" level="INFO">C:\Python313\Lib\site-packages\urllib3\connectionpool.py:1097: InsecureRequestWarning: Unverified HTTPS request is being made to host 'reqres.in'. Adding certificate verification is strongly advised. See: https://urllib3.readthedocs.io/en/latest/advanced-usage.html#tls-warnings
  warnings.warn(</msg>
<msg time="2025-08-03T23:13:22.064827" level="INFO">${response} = &lt;Response [200]&gt;</msg>
<var>${response}</var>
<arg>httpSession</arg>
<arg>/users/${USER_ID}</arg>
<arg>headers=&amp;{headers}</arg>
<arg>expected_status=anything</arg>
<doc>Sends a GET request on a previously created HTTP Session.</doc>
<status status="PASS" start="2025-08-03T23:13:21.531160" elapsed="0.533696"/>
</kw>
<kw name="Log" owner="BuiltIn">
<msg time="2025-08-03T23:13:22.065524" level="INFO">Response Text={"data":{"id":12,"email":"rachel.howell@reqres.in","first_name":"Rachel","last_name":"Howell","avatar":"https://reqres.in/img/faces/12-image.jpg"},"support":{"url":"https://contentcaddy.io?utm_source=reqres&amp;utm_medium=json&amp;utm_campaign=referral","text":"Tired of writing endless social media content? Let Content Caddy generate it for you."}}</msg>
<arg>Response Text=${response.text}</arg>
<doc>Logs the given message with the given level.</doc>
<status status="PASS" start="2025-08-03T23:13:22.065025" elapsed="0.000540"/>
</kw>
<kw name="Status Should Be" owner="RequestsLibrary">
<arg>200</arg>
<arg>${response}</arg>
<doc>Fails if response status code is different than the expected.</doc>
<status status="PASS" start="2025-08-03T23:13:22.065659" elapsed="0.000161"/>
</kw>
<kw name="Evaluate" owner="BuiltIn">
<msg time="2025-08-03T23:13:22.066379" level="INFO">${json} = {'data': {'id': 12, 'email': 'rachel.howell@reqres.in', 'first_name': 'Rachel', 'last_name': 'Howell', 'avatar': 'https://reqres.in/img/faces/12-image.jpg'}, 'support': {'url': 'https://contentcaddy.i...</msg>
<var>${json}</var>
<arg>json.loads("""${response.text}""")</arg>
<arg>modules=json</arg>
<doc>Evaluates the given expression in Python and returns the result.</doc>
<status status="PASS" start="2025-08-03T23:13:22.065909" elapsed="0.000494"/>
</kw>
<kw name="Set Variable" owner="BuiltIn">
<msg time="2025-08-03T23:13:22.066879" level="INFO">${data} = {'id': 12, 'email': 'rachel.howell@reqres.in', 'first_name': 'Rachel', 'last_name': 'Howell', 'avatar': 'https://reqres.in/img/faces/12-image.jpg'}</msg>
<var>${data}</var>
<arg>${json['data']}</arg>
<doc>Returns the given values which can then be assigned to a variables.</doc>
<status status="PASS" start="2025-08-03T23:13:22.066516" elapsed="0.000385"/>
</kw>
<kw name="Dictionary Should Contain Value" owner="Collections">
<arg>${data}</arg>
<arg>rachel.howell@reqres.in</arg>
<doc>Fails if ``value`` is not found from ``dictionary``.</doc>
<status status="PASS" start="2025-08-03T23:13:22.066983" elapsed="0.000105"/>
</kw>
<kw name="Should Be Equal As Integers" owner="BuiltIn">
<msg time="2025-08-03T23:13:22.067537" level="INFO">Argument types are:
&lt;class 'int'&gt;
&lt;class 'str'&gt;</msg>
<arg>${data['id']}</arg>
<arg>${USER_ID}</arg>
<doc>Fails if objects are unequal after converting them to integers.</doc>
<status status="PASS" start="2025-08-03T23:13:22.067165" elapsed="0.000418"/>
</kw>
<kw name="Should Be Equal" owner="BuiltIn">
<arg>${data['first_name']}</arg>
<arg>Rachel</arg>
<doc>Fails if the given objects are unequal.</doc>
<status status="PASS" start="2025-08-03T23:13:22.067667" elapsed="0.000332"/>
</kw>
<kw name="Should Be Equal" owner="BuiltIn">
<arg>${data['last_name']}</arg>
<arg>Howell</arg>
<doc>Fails if the given objects are unequal.</doc>
<status status="PASS" start="2025-08-03T23:13:22.068087" elapsed="0.000322"/>
</kw>
<kw name="Should Be Equal" owner="BuiltIn">
<arg>${data['avatar']}</arg>
<arg>https://reqres.in/img/faces/12-image.jpg</arg>
<doc>Fails if the given objects are unequal.</doc>
<status status="PASS" start="2025-08-03T23:13:22.068534" elapsed="0.000338"/>
</kw>
<doc>To verify get user profile API returns correct data for existing user</doc>
<status status="PASS" start="2025-08-03T23:13:21.528783" elapsed="0.540181"/>
</test>
<test id="s1-t2" name="Get user profile but user not found" line="31">
<kw name="Create Session" owner="RequestsLibrary">
<msg time="2025-08-03T23:13:22.069549" level="INFO">Creating Session using : alias=httpSession, url=https://reqres.in/api, headers={},                     cookies={}, auth=None, timeout=None, proxies=None, verify=False,                     debug=0 </msg>
<arg>httpSession</arg>
<arg>${BASE_URL}</arg>
<doc>Create Session: create a HTTP session to a server</doc>
<status status="PASS" start="2025-08-03T23:13:22.069437" elapsed="0.000377"/>
</kw>
<kw name="Create Dictionary" owner="BuiltIn">
<msg time="2025-08-03T23:13:22.070119" level="INFO">&amp;{headers} = { x-api-key=reqres-free-v1 | Accept=application/json }</msg>
<var>&amp;{headers}</var>
<arg>x-api-key=${API_KEY}</arg>
<arg>Accept=application/json</arg>
<doc>Creates and returns a dictionary based on the given ``items``.</doc>
<status status="PASS" start="2025-08-03T23:13:22.069918" elapsed="0.000223"/>
</kw>
<kw name="GET On Session" owner="RequestsLibrary">
<msg time="2025-08-03T23:13:23.020882" level="INFO">GET Request : url=https://reqres.in/api/users/1234 
 path_url=/api/users/1234 
 headers={'User-Agent': 'python-requests/2.32.4', 'Accept-Encoding': 'gzip, deflate', 'Accept': 'application/json', 'Connection': 'keep-alive', 'x-api-key': 'reqres-free-v1'} 
 body=None 
 </msg>
<msg time="2025-08-03T23:13:23.021223" level="INFO">GET Response : url=https://reqres.in/api/users/1234 
 status=404, reason=Not Found 
 headers={'Date': 'Sun, 03 Aug 2025 16:13:25 GMT', 'Content-Type': 'application/json; charset=utf-8', 'Content-Length': '2', 'Connection': 'keep-alive', 'CF-RAY': '96971a2a4f4ee35f-NRT', 'Access-Control-Allow-Origin': '*', 'Etag': 'W/"2-vyGp6PvFo4RvsFtPoIWeCReyIC8"', 'Nel': '{"report_to":"heroku-nel","response_headers":["Via"],"max_age":3600,"success_fraction":0.01,"failure_fraction":0.1}', 'Ratelimit-Limit': '100', 'Ratelimit-Policy': '100;w=60', 'Ratelimit-Remaining': '98', 'Ratelimit-Reset': '60', 'Referrer-Policy': 'strict-origin-when-cross-origin', 'Report-To': '{"group":"heroku-nel","endpoints":[{"url":"https://nel.heroku.com/reports?s=shNrRjxZRaAZ3m5GVPIzBvygtYmn34DF5sFxctTUAjw%3D\\u0026sid=c4c9725f-1ab0-44d8-820f-430df2718e11\\u0026ts=1754237605"}],"max_age":3600}', 'Reporting-Endpoints': 'heroku-nel="https://nel.heroku.com/reports?s=shNrRjxZRaAZ3m5GVPIzBvygtYmn34DF5sFxctTUAjw%3D&amp;sid=c4c9725f-1ab0-44d8-820f-430df2718e11&amp;ts=1754237605"', 'Via': '1.1 heroku-router', 'X-Content-Type-Options': 'nosniff', 'X-Frame-Options': 'DENY', 'X-Request-Id': 'bcf175a0-7e32-93d3-9f4d-962525f3938c', 'X-Xss-Protection': '1; mode=block', 'Cache-Control': 'max-age=14400', 'cf-cache-status': 'EXPIRED', 'Vary': 'Accept-Encoding', 'Server': 'cloudflare', 'server-timing': 'cfL4;desc="?proto=TCP&amp;rtt=125226&amp;min_rtt=124793&amp;rtt_var=35334&amp;sent=5&amp;recv=6&amp;lost=0&amp;retrans=0&amp;sent_bytes=2832&amp;recv_bytes=813&amp;delivery_rate=33497&amp;cwnd=252&amp;unsent_bytes=0&amp;cid=0a582d19378c1cce&amp;ts=613&amp;x=0"'} 
 body={} 
 </msg>
<msg time="2025-08-03T23:13:23.021310" level="INFO">C:\Python313\Lib\site-packages\urllib3\connectionpool.py:1097: InsecureRequestWarning: Unverified HTTPS request is being made to host 'reqres.in'. Adding certificate verification is strongly advised. See: https://urllib3.readthedocs.io/en/latest/advanced-usage.html#tls-warnings
  warnings.warn(</msg>
<msg time="2025-08-03T23:13:23.021451" level="INFO">${response} = &lt;Response [404]&gt;</msg>
<var>${response}</var>
<arg>httpSession</arg>
<arg>/users/${NOT_FOUND_ID}</arg>
<arg>headers=&amp;{headers}</arg>
<arg>expected_status=anything</arg>
<doc>Sends a GET request on a previously created HTTP Session.</doc>
<status status="PASS" start="2025-08-03T23:13:22.070224" elapsed="0.951249"/>
</kw>
<kw name="Log" owner="BuiltIn">
<msg time="2025-08-03T23:13:23.022114" level="INFO">Response Text={}</msg>
<arg>Response Text=${response.text}</arg>
<doc>Logs the given message with the given level.</doc>
<status status="PASS" start="2025-08-03T23:13:23.021633" elapsed="0.000519"/>
</kw>
<kw name="Status Should Be" owner="RequestsLibrary">
<arg>404</arg>
<arg>${response}</arg>
<doc>Fails if response status code is different than the expected.</doc>
<status status="PASS" start="2025-08-03T23:13:23.022244" elapsed="0.000123"/>
</kw>
<kw name="Should Be Equal" owner="BuiltIn">
<arg>${response.text}</arg>
<arg>{}</arg>
<doc>Fails if the given objects are unequal.</doc>
<status status="PASS" start="2025-08-03T23:13:23.022447" elapsed="0.000353"/>
</kw>
<doc>Verify API returns 404 and empty JSON body for non-existing user</doc>
<status status="PASS" start="2025-08-03T23:13:22.069160" elapsed="0.953729"/>
</test>
<status status="PASS" start="2025-08-03T23:13:20.764176" elapsed="2.259065"/>
</suite>
<statistics>
<total>
<stat pass="2" fail="0" skip="0">All Tests</stat>
</total>
<tag>
</tag>
<suite>
<stat name="Api Test" id="s1" pass="2" fail="0" skip="0">Api Test</stat>
</suite>
</statistics>
<errors>
<msg time="2025-08-03T23:13:21.497177" level="ERROR">Error in file 'C:\ProgramData\Jenkins\.jenkins\workspace\login_test and api_test\init.txt' on line 5: Importing library 'AppiumLibrary' failed: ModuleNotFoundError: No module named 'AppiumLibrary'
Traceback (most recent call last):
  None
PYTHONPATH:
  C:\Python313\Scripts\robot.exe
  C:\Python313\python313.zip
  C:\Python313\DLLs
  C:\Python313\Lib
  C:\Python313
  C:\Python313\Lib\site-packages</msg>
</errors>
</robot>
