<?xml version="1.0" encoding="UTF-8"?>
<robot generator="Robot 6.0 (Python 3.13.3 on win32)" generated="20250804 01:56:36.420" rpa="false" schemaversion="3">
<suite id="s1" name="Login Test" source="C:\Users\User\Downloads\Automated_Test_Thitikorn\Tests\assignment2\login_test.robot">
<test id="s1-t1" name="Login Success" line="6">
<kw name="Open Browser" library="SeleniumLibrary">
<arg>${URL}</arg>
<arg>${BROWSER}</arg>
<doc>Opens a new browser instance to the optional ``url``.</doc>
<msg timestamp="20250804 01:56:36.971" level="INFO">Opening browser 'chrome' to base url 'http://the-internet.herokuapp.com/login'.</msg>
<status status="PASS" starttime="20250804 01:56:36.970" endtime="20250804 01:56:44.626"/>
</kw>
<kw name="Maximize Browser Window" library="SeleniumLibrary">
<doc>Maximizes current browser window.</doc>
<status status="PASS" starttime="20250804 01:56:44.627" endtime="20250804 01:56:44.655"/>
</kw>
<kw name="Input Text" library="SeleniumLibrary">
<arg>id:username</arg>
<arg>${VALID_USER}</arg>
<doc>Types the given ``text`` into the text field identified by ``locator``.</doc>
<msg timestamp="20250804 01:56:44.656" level="INFO">Typing text 'tomsmith' into text field 'id:username'.</msg>
<status status="PASS" starttime="20250804 01:56:44.655" endtime="20250804 01:56:44.749"/>
</kw>
<kw name="Input Text" library="SeleniumLibrary">
<arg>id:password</arg>
<arg>${VALID_PASS}</arg>
<doc>Types the given ``text`` into the text field identified by ``locator``.</doc>
<msg timestamp="20250804 01:56:44.750" level="INFO">Typing text 'SuperSecretPassword!' into text field 'id:password'.</msg>
<status status="PASS" starttime="20250804 01:56:44.750" endtime="20250804 01:56:44.848"/>
</kw>
<kw name="Click Button" library="SeleniumLibrary">
<arg>//button[@type="submit"]</arg>
<doc>Clicks the button identified by ``locator``.</doc>
<msg timestamp="20250804 01:56:44.849" level="INFO">Clicking button '//button[@type="submit"]'.</msg>
<status status="PASS" starttime="20250804 01:56:44.849" endtime="20250804 01:56:44.924"/>
</kw>
<kw name="Wait Until Page Contains" library="SeleniumLibrary">
<arg>You logged into a secure area!</arg>
<doc>Waits until ``text`` appears on the current page.</doc>
<status status="PASS" starttime="20250804 01:56:44.924" endtime="20250804 01:56:45.827"/>
</kw>
<kw name="Click Link" library="SeleniumLibrary">
<arg>Logout</arg>
<doc>Clicks a link identified by ``locator``.</doc>
<msg timestamp="20250804 01:56:45.828" level="INFO">Clicking link 'Logout'.</msg>
<status status="PASS" starttime="20250804 01:56:45.828" endtime="20250804 01:56:46.604"/>
</kw>
<kw name="Wait Until Page Contains" library="SeleniumLibrary">
<arg>You logged out of the secure area!</arg>
<doc>Waits until ``text`` appears on the current page.</doc>
<status status="PASS" starttime="20250804 01:56:46.605" endtime="20250804 01:56:46.619"/>
</kw>
<kw name="Close Browser" library="SeleniumLibrary">
<doc>Closes the current browser.</doc>
<status status="PASS" starttime="20250804 01:56:46.619" endtime="20250804 01:56:48.806"/>
</kw>
<doc>Verify successful login with valid username and password, then logout</doc>
<status status="PASS" starttime="20250804 01:56:36.969" endtime="20250804 01:56:48.807"/>
</test>
<test id="s1-t2" name="Login Failed - Password Incorrect" line="18">
<kw name="Open Browser" library="SeleniumLibrary">
<arg>${URL}</arg>
<arg>${BROWSER}</arg>
<doc>Opens a new browser instance to the optional ``url``.</doc>
<msg timestamp="20250804 01:56:48.809" level="INFO">Opening browser 'chrome' to base url 'http://the-internet.herokuapp.com/login'.</msg>
<status status="PASS" starttime="20250804 01:56:48.809" endtime="20250804 01:56:54.951"/>
</kw>
<kw name="Maximize Browser Window" library="SeleniumLibrary">
<doc>Maximizes current browser window.</doc>
<status status="PASS" starttime="20250804 01:56:54.952" endtime="20250804 01:56:54.992"/>
</kw>
<kw name="Input Text" library="SeleniumLibrary">
<arg>id:username</arg>
<arg>${VALID_USER}</arg>
<doc>Types the given ``text`` into the text field identified by ``locator``.</doc>
<msg timestamp="20250804 01:56:54.993" level="INFO">Typing text 'tomsmith' into text field 'id:username'.</msg>
<status status="PASS" starttime="20250804 01:56:54.992" endtime="20250804 01:56:55.087"/>
</kw>
<kw name="Input Text" library="SeleniumLibrary">
<arg>id:password</arg>
<arg>${INVALID_PASS}</arg>
<doc>Types the given ``text`` into the text field identified by ``locator``.</doc>
<msg timestamp="20250804 01:56:55.089" level="INFO">Typing text 'Password!' into text field 'id:password'.</msg>
<status status="PASS" starttime="20250804 01:56:55.089" endtime="20250804 01:56:55.171"/>
</kw>
<kw name="Click Button" library="SeleniumLibrary">
<arg>//button[@type="submit"]</arg>
<doc>Clicks the button identified by ``locator``.</doc>
<msg timestamp="20250804 01:56:55.172" level="INFO">Clicking button '//button[@type="submit"]'.</msg>
<status status="PASS" starttime="20250804 01:56:55.171" endtime="20250804 01:56:55.909"/>
</kw>
<kw name="Wait Until Page Contains" library="SeleniumLibrary">
<arg>Your password is invalid!</arg>
<doc>Waits until ``text`` appears on the current page.</doc>
<status status="PASS" starttime="20250804 01:56:55.910" endtime="20250804 01:56:55.947"/>
</kw>
<kw name="Close Browser" library="SeleniumLibrary">
<doc>Closes the current browser.</doc>
<status status="PASS" starttime="20250804 01:56:55.947" endtime="20250804 01:56:58.093"/>
</kw>
<doc>Verify login fails when correct username and wrong password is entered</doc>
<status status="PASS" starttime="20250804 01:56:48.808" endtime="20250804 01:56:58.094"/>
</test>
<test id="s1-t3" name="Login Failed - Username Not Found" line="28">
<kw name="Open Browser" library="SeleniumLibrary">
<arg>${URL}</arg>
<arg>${BROWSER}</arg>
<doc>Opens a new browser instance to the optional ``url``.</doc>
<msg timestamp="20250804 01:56:58.095" level="INFO">Opening browser 'chrome' to base url 'http://the-internet.herokuapp.com/login'.</msg>
<status status="PASS" starttime="20250804 01:56:58.095" endtime="20250804 01:57:03.942"/>
</kw>
<kw name="Maximize Browser Window" library="SeleniumLibrary">
<doc>Maximizes current browser window.</doc>
<status status="PASS" starttime="20250804 01:57:03.943" endtime="20250804 01:57:03.979"/>
</kw>
<kw name="Input Text" library="SeleniumLibrary">
<arg>id:username</arg>
<arg>${INVALID_USER}</arg>
<doc>Types the given ``text`` into the text field identified by ``locator``.</doc>
<msg timestamp="20250804 01:57:03.979" level="INFO">Typing text 'tomholland' into text field 'id:username'.</msg>
<status status="PASS" starttime="20250804 01:57:03.979" endtime="20250804 01:57:04.078"/>
</kw>
<kw name="Input Text" library="SeleniumLibrary">
<arg>id:password</arg>
<arg>${INVALID_PASS}</arg>
<doc>Types the given ``text`` into the text field identified by ``locator``.</doc>
<msg timestamp="20250804 01:57:04.079" level="INFO">Typing text 'Password!' into text field 'id:password'.</msg>
<status status="PASS" starttime="20250804 01:57:04.079" endtime="20250804 01:57:04.155"/>
</kw>
<kw name="Click Button" library="SeleniumLibrary">
<arg>//button[@type="submit"]</arg>
<doc>Clicks the button identified by ``locator``.</doc>
<msg timestamp="20250804 01:57:04.156" level="INFO">Clicking button '//button[@type="submit"]'.</msg>
<status status="PASS" starttime="20250804 01:57:04.155" endtime="20250804 01:57:05.227"/>
</kw>
<kw name="Wait Until Page Contains" library="SeleniumLibrary">
<arg>Your username is invalid!</arg>
<doc>Waits until ``text`` appears on the current page.</doc>
<status status="PASS" starttime="20250804 01:57:05.227" endtime="20250804 01:57:05.244"/>
</kw>
<kw name="Close Browser" library="SeleniumLibrary">
<doc>Closes the current browser.</doc>
<status status="PASS" starttime="20250804 01:57:05.245" endtime="20250804 01:57:07.421"/>
</kw>
<doc>Verify login fails when non-existent username is entered</doc>
<status status="PASS" starttime="20250804 01:56:58.095" endtime="20250804 01:57:07.421"/>
</test>
<status status="PASS" starttime="20250804 01:56:36.421" endtime="20250804 01:57:07.423"/>
</suite>
<statistics>
<total>
<stat pass="3" fail="0" skip="0">All Tests</stat>
</total>
<tag>
</tag>
<suite>
<stat pass="3" fail="0" skip="0" id="s1" name="Login Test">Login Test</stat>
</suite>
</statistics>
<errors>
</errors>
</robot>
