<?xml version="1.0" encoding="UTF-8"?>
<robot generator="Robot 6.0 (Python 3.13.3 on win32)" generated="20250804 01:58:16.728" rpa="false" schemaversion="3">
<suite id="s1" name="Api Test" source="C:\Users\User\Downloads\Automated_Test_Thitikorn\Tests\assignment3\api_test.robot">
<test id="s1-t1" name="Get user profile success" line="14">
<kw name="Create Session" library="RequestsLibrary">
<arg>httpSession</arg>
<arg>${BASE_URL}</arg>
<doc>Create Session: create a HTTP session to a server</doc>
<msg timestamp="20250804 01:58:17.228" level="INFO">Creating Session using : alias=httpSession, url=https://reqres.in/api, headers={},                     cookies={}, auth=None, timeout=None, proxies=None, verify=False,                     debug=0 </msg>
<status status="PASS" starttime="20250804 01:58:17.228" endtime="20250804 01:58:17.229"/>
</kw>
<kw name="Create Dictionary" library="BuiltIn">
<var>&amp;{headers}</var>
<arg>x-api-key=${API_KEY}</arg>
<arg>Accept=application/json</arg>
<doc>Creates and returns a dictionary based on the given ``items``.</doc>
<msg timestamp="20250804 01:58:17.230" level="INFO">&amp;{headers} = { x-api-key=reqres-free-v1 | Accept=application/json }</msg>
<status status="PASS" starttime="20250804 01:58:17.229" endtime="20250804 01:58:17.230"/>
</kw>
<kw name="GET On Session" library="RequestsLibrary">
<var>${response}</var>
<arg>httpSession</arg>
<arg>/users/${USER_ID}</arg>
<arg>headers=&amp;{headers}</arg>
<arg>expected_status=anything</arg>
<doc>Sends a GET request on a previously created HTTP Session.</doc>
<msg timestamp="20250804 01:58:17.459" level="INFO">GET Request : url=https://reqres.in/api/users/12 
 path_url=/api/users/12 
 headers={'User-Agent': 'python-requests/2.28.2', 'Accept-Encoding': 'gzip, deflate', 'Accept': 'application/json', 'Connection': 'keep-alive', 'x-api-key': 'reqres-free-v1'} 
 body=None 
 </msg>
<msg timestamp="20250804 01:58:17.459" level="INFO">GET Response : url=https://reqres.in/api/users/12 
 status=200, reason=OK 
 headers={'Date': 'Sun, 03 Aug 2025 18:58:20 GMT', 'Content-Type': 'application/json; charset=utf-8', 'Transfer-Encoding': 'chunked', 'Connection': 'keep-alive', 'Content-Encoding': 'gzip', 'Access-Control-Allow-Origin': '*', 'Etag': 'W/"156-dRpOqAStViWxQQvYl7n1A1GXGFw"', 'Nel': '{"report_to":"heroku-nel","response_headers":["Via"],"max_age":3600,"success_fraction":0.01,"failure_fraction":0.1}', 'Ratelimit-Limit': '100', 'Ratelimit-Policy': '100;w=60', 'Ratelimit-Remaining': '98', 'Ratelimit-Reset': '60', 'Referrer-Policy': 'strict-origin-when-cross-origin', 'Report-To': '{"group":"heroku-nel","endpoints":[{"url":"https://nel.heroku.com/reports?s=VfDpLfZRT6Kzk6aBlolBda9mvb3xHdWPlzwuD6U1G%2FE%3D\\u0026sid=c4c9725f-1ab0-44d8-820f-430df2718e11\\u0026ts=1754246109"}],"max_age":3600}', 'Reporting-Endpoints': 'heroku-nel="https://nel.heroku.com/reports?s=VfDpLfZRT6Kzk6aBlolBda9mvb3xHdWPlzwuD6U1G%2FE%3D&amp;sid=c4c9725f-1ab0-44d8-820f-430df2718e11&amp;ts=1754246109"', 'Via': '1.1 heroku-router', 'X-Content-Type-Options': 'nosniff', 'X-Frame-Options': 'DENY', 'X-Request-Id': '4157e01a-9a69-703a-f160-2857bcfadfd2', 'X-Xss-Protection': '1; mode=block', 'Age': '1390', 'Cache-Control': 'max-age=14400', 'cf-cache-status': 'HIT', 'Vary': 'Accept-Encoding', 'Server': 'cloudflare', 'CF-RAY': '96980bbdbee04ba6-BKK', 'server-timing': 'cfL4;desc="?proto=TCP&amp;rtt=2701&amp;min_rtt=2334&amp;rtt_var=866&amp;sent=4&amp;recv=6&amp;lost=0&amp;retrans=0&amp;sent_bytes=2833&amp;recv_bytes=811&amp;delivery_rate=1420838&amp;cwnd=252&amp;unsent_bytes=0&amp;cid=bc6f967a16ad8180&amp;ts=113&amp;x=0"'} 
 body={"data":{"id":12,"email":"rachel.howell@reqres.in","first_name":"Rachel","last_name":"Howell","avatar":"https://reqres.in/img/faces/12-image.jpg"},"support":{"url":"https://contentcaddy.io?utm_source=reqres&amp;utm_medium=json&amp;utm_campaign=referral","text":"Tired of writing endless social media content? Let Content Caddy generate it for you."}} 
 </msg>
<msg timestamp="20250804 01:58:17.459" level="INFO">C:\Users\User\Downloads\Automated_Test_Thitikorn\.venv\Lib\site-packages\urllib3\connectionpool.py:1064: InsecureRequestWarning: Unverified HTTPS request is being made to host 'reqres.in'. Adding certificate verification is strongly advised. See: https://urllib3.readthedocs.io/en/1.26.x/advanced-usage.html#ssl-warnings
  warnings.warn(</msg>
<msg timestamp="20250804 01:58:17.459" level="INFO">${response} = &lt;Response [200]&gt;</msg>
<status status="PASS" starttime="20250804 01:58:17.230" endtime="20250804 01:58:17.459"/>
</kw>
<kw name="Log" library="BuiltIn">
<arg>Response Text=${response.text}</arg>
<doc>Logs the given message with the given level.</doc>
<msg timestamp="20250804 01:58:17.460" level="INFO">Response Text={"data":{"id":12,"email":"rachel.howell@reqres.in","first_name":"Rachel","last_name":"Howell","avatar":"https://reqres.in/img/faces/12-image.jpg"},"support":{"url":"https://contentcaddy.io?utm_source=reqres&amp;utm_medium=json&amp;utm_campaign=referral","text":"Tired of writing endless social media content? Let Content Caddy generate it for you."}}</msg>
<status status="PASS" starttime="20250804 01:58:17.459" endtime="20250804 01:58:17.460"/>
</kw>
<kw name="Status Should Be" library="RequestsLibrary">
<arg>200</arg>
<arg>${response}</arg>
<doc>Fails if response status code is different than the expected.</doc>
<status status="PASS" starttime="20250804 01:58:17.460" endtime="20250804 01:58:17.460"/>
</kw>
<kw name="Evaluate" library="BuiltIn">
<var>${json}</var>
<arg>json.loads("""${response.text}""")</arg>
<arg>modules=json</arg>
<doc>Evaluates the given expression in Python and returns the result.</doc>
<msg timestamp="20250804 01:58:17.461" level="INFO">${json} = {'data': {'id': 12, 'email': 'rachel.howell@reqres.in', 'first_name': 'Rachel', 'last_name': 'Howell', 'avatar': 'https://reqres.in/img/faces/12-image.jpg'}, 'support': {'url': 'https://contentcaddy.i...</msg>
<status status="PASS" starttime="20250804 01:58:17.460" endtime="20250804 01:58:17.461"/>
</kw>
<kw name="Set Variable" library="BuiltIn">
<var>${data}</var>
<arg>${json['data']}</arg>
<doc>Returns the given values which can then be assigned to a variables.</doc>
<msg timestamp="20250804 01:58:17.462" level="INFO">${data} = {'id': 12, 'email': 'rachel.howell@reqres.in', 'first_name': 'Rachel', 'last_name': 'Howell', 'avatar': 'https://reqres.in/img/faces/12-image.jpg'}</msg>
<status status="PASS" starttime="20250804 01:58:17.461" endtime="20250804 01:58:17.462"/>
</kw>
<kw name="Dictionary Should Contain Value" library="Collections">
<arg>${data}</arg>
<arg>rachel.howell@reqres.in</arg>
<doc>Fails if ``value`` is not found from ``dictionary``.</doc>
<status status="PASS" starttime="20250804 01:58:17.462" endtime="20250804 01:58:17.463"/>
</kw>
<kw name="Should Be Equal As Integers" library="BuiltIn">
<arg>${data['id']}</arg>
<arg>${USER_ID}</arg>
<doc>Fails if objects are unequal after converting them to integers.</doc>
<msg timestamp="20250804 01:58:17.464" level="INFO">Argument types are:
&lt;class 'int'&gt;
&lt;class 'str'&gt;</msg>
<status status="PASS" starttime="20250804 01:58:17.463" endtime="20250804 01:58:17.464"/>
</kw>
<kw name="Should Be Equal" library="BuiltIn">
<arg>${data['first_name']}</arg>
<arg>Rachel</arg>
<doc>Fails if the given objects are unequal.</doc>
<status status="PASS" starttime="20250804 01:58:17.464" endtime="20250804 01:58:17.465"/>
</kw>
<kw name="Should Be Equal" library="BuiltIn">
<arg>${data['last_name']}</arg>
<arg>Howell</arg>
<doc>Fails if the given objects are unequal.</doc>
<status status="PASS" starttime="20250804 01:58:17.465" endtime="20250804 01:58:17.465"/>
</kw>
<kw name="Should Be Equal" library="BuiltIn">
<arg>${data['avatar']}</arg>
<arg>https://reqres.in/img/faces/12-image.jpg</arg>
<doc>Fails if the given objects are unequal.</doc>
<status status="PASS" starttime="20250804 01:58:17.465" endtime="20250804 01:58:17.466"/>
</kw>
<doc>To verify get user profile API returns correct data for existing user</doc>
<status status="PASS" starttime="20250804 01:58:17.227" endtime="20250804 01:58:17.466"/>
</test>
<test id="s1-t2" name="Get user profile but user not found" line="31">
<kw name="Create Session" library="RequestsLibrary">
<arg>httpSession</arg>
<arg>${BASE_URL}</arg>
<doc>Create Session: create a HTTP session to a server</doc>
<msg timestamp="20250804 01:58:17.468" level="INFO">Creating Session using : alias=httpSession, url=https://reqres.in/api, headers={},                     cookies={}, auth=None, timeout=None, proxies=None, verify=False,                     debug=0 </msg>
<status status="PASS" starttime="20250804 01:58:17.468" endtime="20250804 01:58:17.468"/>
</kw>
<kw name="Create Dictionary" library="BuiltIn">
<var>&amp;{headers}</var>
<arg>x-api-key=${API_KEY}</arg>
<arg>Accept=application/json</arg>
<doc>Creates and returns a dictionary based on the given ``items``.</doc>
<msg timestamp="20250804 01:58:17.469" level="INFO">&amp;{headers} = { x-api-key=reqres-free-v1 | Accept=application/json }</msg>
<status status="PASS" starttime="20250804 01:58:17.469" endtime="20250804 01:58:17.469"/>
</kw>
<kw name="GET On Session" library="RequestsLibrary">
<var>${response}</var>
<arg>httpSession</arg>
<arg>/users/${NOT_FOUND_ID}</arg>
<arg>headers=&amp;{headers}</arg>
<arg>expected_status=anything</arg>
<doc>Sends a GET request on a previously created HTTP Session.</doc>
<msg timestamp="20250804 01:58:18.433" level="INFO">GET Request : url=https://reqres.in/api/users/1234 
 path_url=/api/users/1234 
 headers={'User-Agent': 'python-requests/2.28.2', 'Accept-Encoding': 'gzip, deflate', 'Accept': 'application/json', 'Connection': 'keep-alive', 'x-api-key': 'reqres-free-v1'} 
 body=None 
 </msg>
<msg timestamp="20250804 01:58:18.433" level="INFO">GET Response : url=https://reqres.in/api/users/1234 
 status=404, reason=Not Found 
 headers={'Date': 'Sun, 03 Aug 2025 18:58:21 GMT', 'Content-Type': 'application/json; charset=utf-8', 'Content-Length': '2', 'Connection': 'keep-alive', 'CF-RAY': '96980bc0bd8f45ca-BKK', 'Access-Control-Allow-Origin': '*', 'Etag': 'W/"2-vyGp6PvFo4RvsFtPoIWeCReyIC8"', 'Nel': '{"report_to":"heroku-nel","response_headers":["Via"],"max_age":3600,"success_fraction":0.01,"failure_fraction":0.1}', 'Ratelimit-Limit': '100', 'Ratelimit-Policy': '100;w=60', 'Ratelimit-Remaining': '98', 'Ratelimit-Reset': '60', 'Referrer-Policy': 'strict-origin-when-cross-origin', 'Report-To': '{"group":"heroku-nel","endpoints":[{"url":"https://nel.heroku.com/reports?s=BtR4lHpTwjLcA9r%2BvMAHO1XCzl7jgROZ7FaUS8y5s1Y%3D\\u0026sid=c4c9725f-1ab0-44d8-820f-430df2718e11\\u0026ts=1754247501"}],"max_age":3600}', 'Reporting-Endpoints': 'heroku-nel="https://nel.heroku.com/reports?s=BtR4lHpTwjLcA9r%2BvMAHO1XCzl7jgROZ7FaUS8y5s1Y%3D&amp;sid=c4c9725f-1ab0-44d8-820f-430df2718e11&amp;ts=1754247501"', 'Via': '1.1 heroku-router', 'X-Content-Type-Options': 'nosniff', 'X-Frame-Options': 'DENY', 'X-Request-Id': 'b6cb5118-e67b-4643-df5c-401d44efdf9b', 'X-Xss-Protection': '1; mode=block', 'Cache-Control': 'max-age=14400', 'cf-cache-status': 'EXPIRED', 'Vary': 'Accept-Encoding', 'Server': 'cloudflare', 'server-timing': 'cfL4;desc="?proto=TCP&amp;rtt=2785&amp;min_rtt=2758&amp;rtt_var=1089&amp;sent=6&amp;recv=6&amp;lost=0&amp;retrans=0&amp;sent_bytes=2833&amp;recv_bytes=813&amp;delivery_rate=1409869&amp;cwnd=252&amp;unsent_bytes=0&amp;cid=2fbb8d36b10adf9e&amp;ts=884&amp;x=0"'} 
 body={} 
 </msg>
<msg timestamp="20250804 01:58:18.433" level="INFO">C:\Users\User\Downloads\Automated_Test_Thitikorn\.venv\Lib\site-packages\urllib3\connectionpool.py:1064: InsecureRequestWarning: Unverified HTTPS request is being made to host 'reqres.in'. Adding certificate verification is strongly advised. See: https://urllib3.readthedocs.io/en/1.26.x/advanced-usage.html#ssl-warnings
  warnings.warn(</msg>
<msg timestamp="20250804 01:58:18.433" level="INFO">${response} = &lt;Response [404]&gt;</msg>
<status status="PASS" starttime="20250804 01:58:17.469" endtime="20250804 01:58:18.433"/>
</kw>
<kw name="Log" library="BuiltIn">
<arg>Response Text=${response.text}</arg>
<doc>Logs the given message with the given level.</doc>
<msg timestamp="20250804 01:58:18.434" level="INFO">Response Text={}</msg>
<status status="PASS" starttime="20250804 01:58:18.434" endtime="20250804 01:58:18.434"/>
</kw>
<kw name="Status Should Be" library="RequestsLibrary">
<arg>404</arg>
<arg>${response}</arg>
<doc>Fails if response status code is different than the expected.</doc>
<status status="PASS" starttime="20250804 01:58:18.434" endtime="20250804 01:58:18.435"/>
</kw>
<kw name="Should Be Equal" library="BuiltIn">
<arg>${response.text}</arg>
<arg>{}</arg>
<doc>Fails if the given objects are unequal.</doc>
<status status="PASS" starttime="20250804 01:58:18.435" endtime="20250804 01:58:18.435"/>
</kw>
<doc>Verify API returns 404 and empty JSON body for non-existing user</doc>
<status status="PASS" starttime="20250804 01:58:17.467" endtime="20250804 01:58:18.436"/>
</test>
<status status="PASS" starttime="20250804 01:58:16.730" endtime="20250804 01:58:18.436"/>
</suite>
<statistics>
<total>
<stat pass="2" fail="0" skip="0">All Tests</stat>
</total>
<tag>
</tag>
<suite>
<stat pass="2" fail="0" skip="0" id="s1" name="Api Test">Api Test</stat>
</suite>
</statistics>
<errors>
</errors>
</robot>
