<?xml version="1.0" encoding="UTF-8"?>
<robot generator="Robot 7.3.2 (Python 3.13.3 on win32)" generated="2025-08-02T23:28:26.493919" rpa="false" schemaversion="5">
<suite id="s1" name="Api Test" source="C:\Users\User\Downloads\Automated_Test_Thitikorn\Tests\assignment3\api_test.robot">
<test id="s1-t1" name="Get user profile success" line="14">
<kw name="Create Session" owner="RequestsLibrary">
<msg time="2025-08-02T23:28:27.218400" level="INFO">Creating Session using : alias=httpSession, url=https://reqres.in/api, headers={},                     cookies={}, auth=None, timeout=None, proxies=None, verify=False,                     debug=0 </msg>
<arg>httpSession</arg>
<arg>${BASE_URL}</arg>
<doc>Create Session: create a HTTP session to a server</doc>
<status status="PASS" start="2025-08-02T23:28:27.218154" elapsed="0.000793"/>
</kw>
<kw name="Create Dictionary" owner="BuiltIn">
<msg time="2025-08-02T23:28:27.219758" level="INFO">&amp;{headers} = { x-api-key=reqres-free-v1 | Accept=application/json }</msg>
<var>&amp;{headers}</var>
<arg>x-api-key=${API_KEY}</arg>
<arg>Accept=application/json</arg>
<doc>Creates and returns a dictionary based on the given ``items``.</doc>
<status status="PASS" start="2025-08-02T23:28:27.219289" elapsed="0.000519"/>
</kw>
<kw name="GET On Session" owner="RequestsLibrary">
<msg time="2025-08-02T23:28:28.232622" level="INFO">GET Request : url=https://reqres.in/api/users/12 
 path_url=/api/users/12 
 headers={'User-Agent': 'python-requests/2.32.4', 'Accept-Encoding': 'gzip, deflate', 'Accept': 'application/json', 'Connection': 'keep-alive', 'x-api-key': 'reqres-free-v1'} 
 body=None 
 </msg>
<msg time="2025-08-02T23:28:28.232815" level="INFO">GET Response : url=https://reqres.in/api/users/12 
 status=200, reason=OK 
 headers={'Date': 'Sat, 02 Aug 2025 16:28:28 GMT', 'Content-Type': 'application/json; charset=utf-8', 'Transfer-Encoding': 'chunked', 'Connection': 'keep-alive', 'Content-Encoding': 'gzip', 'Access-Control-Allow-Origin': '*', 'Etag': 'W/"156-dRpOqAStViWxQQvYl7n1A1GXGFw"', 'Nel': '{"report_to":"heroku-nel","response_headers":["Via"],"max_age":3600,"success_fraction":0.01,"failure_fraction":0.1}', 'Ratelimit-Limit': '100', 'Ratelimit-Policy': '100;w=60', 'Ratelimit-Remaining': '98', 'Ratelimit-Reset': '60', 'Referrer-Policy': 'strict-origin-when-cross-origin', 'Report-To': '{"group":"heroku-nel","endpoints":[{"url":"https://nel.heroku.com/reports?s=Loqht0yInXFx3dN16%2B1TIGX2CcfvDm1VXTdp2WYwPCI%3D\\u0026sid=c4c9725f-1ab0-44d8-820f-430df2718e11\\u0026ts=1754151395"}],"max_age":3600}', 'Reporting-Endpoints': 'heroku-nel="https://nel.heroku.com/reports?s=Loqht0yInXFx3dN16%2B1TIGX2CcfvDm1VXTdp2WYwPCI%3D&amp;sid=c4c9725f-1ab0-44d8-820f-430df2718e11&amp;ts=1754151395"', 'Via': '1.1 heroku-router', 'X-Content-Type-Options': 'nosniff', 'X-Frame-Options': 'DENY', 'X-Request-Id': '6bd96f1f-dd2e-c6c1-db2f-afee41604835', 'X-Xss-Protection': '1; mode=block', 'Age': '713', 'Cache-Control': 'max-age=14400', 'cf-cache-status': 'HIT', 'Vary': 'Accept-Encoding', 'Server': 'cloudflare', 'CF-RAY': '968ef2d8b9acd760-NRT', 'server-timing': 'cfL4;desc="?proto=TCP&amp;rtt=130683&amp;min_rtt=130640&amp;rtt_var=49077&amp;sent=6&amp;recv=7&amp;lost=0&amp;retrans=1&amp;sent_bytes=4233&amp;recv_bytes=811&amp;delivery_rate=8336&amp;cwnd=252&amp;unsent_bytes=0&amp;cid=f6ed33c1638d83d3&amp;ts=645&amp;x=0"'} 
 body={"data":{"id":12,"email":"rachel.howell@reqres.in","first_name":"Rachel","last_name":"Howell","avatar":"https://reqres.in/img/faces/12-image.jpg"},"support":{"url":"https://contentcaddy.io?utm_source=reqres&amp;utm_medium=json&amp;utm_campaign=referral","text":"Tired of writing endless social media content? Let Content Caddy generate it for you."}} 
 </msg>
<msg time="2025-08-02T23:28:28.232894" level="INFO">C:\Users\User\Downloads\Automated_Test_Thitikorn\.venv\Lib\site-packages\urllib3\connectionpool.py:1097: InsecureRequestWarning: Unverified HTTPS request is being made to host 'reqres.in'. Adding certificate verification is strongly advised. See: https://urllib3.readthedocs.io/en/latest/advanced-usage.html#tls-warnings
  warnings.warn(</msg>
<msg time="2025-08-02T23:28:28.233208" level="INFO">${response} = &lt;Response [200]&gt;</msg>
<var>${response}</var>
<arg>httpSession</arg>
<arg>/users/${USER_ID}</arg>
<arg>headers=&amp;{headers}</arg>
<arg>expected_status=anything</arg>
<doc>Sends a GET request on a previously created HTTP Session.</doc>
<status status="PASS" start="2025-08-02T23:28:27.220071" elapsed="1.013173"/>
</kw>
<kw name="Log" owner="BuiltIn">
<msg time="2025-08-02T23:28:28.234048" level="INFO">Response Text={"data":{"id":12,"email":"rachel.howell@reqres.in","first_name":"Rachel","last_name":"Howell","avatar":"https://reqres.in/img/faces/12-image.jpg"},"support":{"url":"https://contentcaddy.io?utm_source=reqres&amp;utm_medium=json&amp;utm_campaign=referral","text":"Tired of writing endless social media content? Let Content Caddy generate it for you."}}</msg>
<arg>Response Text=${response.text}</arg>
<doc>Logs the given message with the given level.</doc>
<status status="PASS" start="2025-08-02T23:28:28.233504" elapsed="0.000597"/>
</kw>
<kw name="Status Should Be" owner="RequestsLibrary">
<arg>200</arg>
<arg>${response}</arg>
<doc>Fails if response status code is different than the expected.</doc>
<status status="PASS" start="2025-08-02T23:28:28.234285" elapsed="0.000183"/>
</kw>
<kw name="Evaluate" owner="BuiltIn">
<msg time="2025-08-02T23:28:28.235102" level="INFO">${json} = {'data': {'id': 12, 'email': 'rachel.howell@reqres.in', 'first_name': 'Rachel', 'last_name': 'Howell', 'avatar': 'https://reqres.in/img/faces/12-image.jpg'}, 'support': {'url': 'https://contentcaddy.i...</msg>
<var>${json}</var>
<arg>json.loads("""${response.text}""")</arg>
<arg>modules=json</arg>
<doc>Evaluates the given expression in Python and returns the result.</doc>
<status status="PASS" start="2025-08-02T23:28:28.234641" elapsed="0.000487"/>
</kw>
<kw name="Set Variable" owner="BuiltIn">
<msg time="2025-08-02T23:28:28.235658" level="INFO">${data} = {'id': 12, 'email': 'rachel.howell@reqres.in', 'first_name': 'Rachel', 'last_name': 'Howell', 'avatar': 'https://reqres.in/img/faces/12-image.jpg'}</msg>
<var>${data}</var>
<arg>${json['data']}</arg>
<doc>Returns the given values which can then be assigned to a variables.</doc>
<status status="PASS" start="2025-08-02T23:28:28.235313" elapsed="0.000369"/>
</kw>
<kw name="Dictionary Should Contain Value" owner="Collections">
<arg>${data}</arg>
<arg>rachel.howell@reqres.in</arg>
<doc>Fails if ``value`` is not found from ``dictionary``.</doc>
<status status="PASS" start="2025-08-02T23:28:28.235858" elapsed="0.000126"/>
</kw>
<kw name="Should Be Equal As Integers" owner="BuiltIn">
<msg time="2025-08-02T23:28:28.236499" level="INFO">Argument types are:
&lt;class 'int'&gt;
&lt;class 'str'&gt;</msg>
<arg>${data['id']}</arg>
<arg>${USER_ID}</arg>
<doc>Fails if objects are unequal after converting them to integers.</doc>
<status status="PASS" start="2025-08-02T23:28:28.236146" elapsed="0.000401"/>
</kw>
<kw name="Should Be Equal" owner="BuiltIn">
<arg>${data['first_name']}</arg>
<arg>Rachel</arg>
<doc>Fails if the given objects are unequal.</doc>
<status status="PASS" start="2025-08-02T23:28:28.236809" elapsed="0.000340"/>
</kw>
<kw name="Should Be Equal" owner="BuiltIn">
<arg>${data['last_name']}</arg>
<arg>Howell</arg>
<doc>Fails if the given objects are unequal.</doc>
<status status="PASS" start="2025-08-02T23:28:28.237324" elapsed="0.000320"/>
</kw>
<kw name="Should Be Equal" owner="BuiltIn">
<arg>${data['avatar']}</arg>
<arg>https://reqres.in/img/faces/12-image.jpg</arg>
<doc>Fails if the given objects are unequal.</doc>
<status status="PASS" start="2025-08-02T23:28:28.237814" elapsed="0.000316"/>
</kw>
<doc>To verify get user profile API returns correct data for existing user</doc>
<status status="PASS" start="2025-08-02T23:28:27.216562" elapsed="1.021755"/>
</test>
<test id="s1-t2" name="Get user profile but user not found" line="31">
<kw name="Create Session" owner="RequestsLibrary">
<msg time="2025-08-02T23:28:28.240469" level="INFO">Creating Session using : alias=httpSession, url=https://reqres.in/api, headers={},                     cookies={}, auth=None, timeout=None, proxies=None, verify=False,                     debug=0 </msg>
<arg>httpSession</arg>
<arg>${BASE_URL}</arg>
<doc>Create Session: create a HTTP session to a server</doc>
<status status="PASS" start="2025-08-02T23:28:28.239656" elapsed="0.001000"/>
</kw>
<kw name="Create Dictionary" owner="BuiltIn">
<msg time="2025-08-02T23:28:28.241308" level="INFO">&amp;{headers} = { x-api-key=reqres-free-v1 | Accept=application/json }</msg>
<var>&amp;{headers}</var>
<arg>x-api-key=${API_KEY}</arg>
<arg>Accept=application/json</arg>
<doc>Creates and returns a dictionary based on the given ``items``.</doc>
<status status="PASS" start="2025-08-02T23:28:28.240971" elapsed="0.000378"/>
</kw>
<kw name="GET On Session" owner="RequestsLibrary">
<msg time="2025-08-02T23:28:29.245398" level="INFO">GET Request : url=https://reqres.in/api/users/1234 
 path_url=/api/users/1234 
 headers={'User-Agent': 'python-requests/2.32.4', 'Accept-Encoding': 'gzip, deflate', 'Accept': 'application/json', 'Connection': 'keep-alive', 'x-api-key': 'reqres-free-v1'} 
 body=None 
 </msg>
<msg time="2025-08-02T23:28:29.245502" level="INFO">GET Response : url=https://reqres.in/api/users/1234 
 status=404, reason=Not Found 
 headers={'Date': 'Sat, 02 Aug 2025 16:28:29 GMT', 'Content-Type': 'application/json; charset=utf-8', 'Content-Length': '2', 'Connection': 'keep-alive', 'CF-RAY': '968ef2dc1a89eb8a-NRT', 'Access-Control-Allow-Origin': '*', 'Etag': 'W/"2-vyGp6PvFo4RvsFtPoIWeCReyIC8"', 'Nel': '{"report_to":"heroku-nel","response_headers":["Via"],"max_age":3600,"success_fraction":0.01,"failure_fraction":0.1}', 'Ratelimit-Limit': '100', 'Ratelimit-Policy': '100;w=60', 'Ratelimit-Remaining': '98', 'Ratelimit-Reset': '60', 'Referrer-Policy': 'strict-origin-when-cross-origin', 'Report-To': '{"group":"heroku-nel","endpoints":[{"url":"https://nel.heroku.com/reports?s=99Zhlcm9fDVa15a5qrP7rIwXEdphRYqfSCUK4DkJjuQ%3D\\u0026sid=c4c9725f-1ab0-44d8-820f-430df2718e11\\u0026ts=1754152109"}],"max_age":3600}', 'Reporting-Endpoints': 'heroku-nel="https://nel.heroku.com/reports?s=99Zhlcm9fDVa15a5qrP7rIwXEdphRYqfSCUK4DkJjuQ%3D&amp;sid=c4c9725f-1ab0-44d8-820f-430df2718e11&amp;ts=1754152109"', 'Via': '1.1 heroku-router', 'X-Content-Type-Options': 'nosniff', 'X-Frame-Options': 'DENY', 'X-Request-Id': '6b25719c-7a40-02c7-bd01-7afb4b867b0a', 'X-Xss-Protection': '1; mode=block', 'Cache-Control': 'max-age=14400', 'cf-cache-status': 'EXPIRED', 'Vary': 'Accept-Encoding', 'Server': 'cloudflare', 'server-timing': 'cfL4;desc="?proto=TCP&amp;rtt=135277&amp;min_rtt=134231&amp;rtt_var=51070&amp;sent=5&amp;recv=6&amp;lost=0&amp;retrans=0&amp;sent_bytes=2832&amp;recv_bytes=813&amp;delivery_rate=31280&amp;cwnd=252&amp;unsent_bytes=0&amp;cid=6ab8d903c1789964&amp;ts=651&amp;x=0"'} 
 body={} 
 </msg>
<msg time="2025-08-02T23:28:29.245567" level="INFO">C:\Users\User\Downloads\Automated_Test_Thitikorn\.venv\Lib\site-packages\urllib3\connectionpool.py:1097: InsecureRequestWarning: Unverified HTTPS request is being made to host 'reqres.in'. Adding certificate verification is strongly advised. See: https://urllib3.readthedocs.io/en/latest/advanced-usage.html#tls-warnings
  warnings.warn(</msg>
<msg time="2025-08-02T23:28:29.245823" level="INFO">${response} = &lt;Response [404]&gt;</msg>
<var>${response}</var>
<arg>httpSession</arg>
<arg>/users/${NOT_FOUND_ID}</arg>
<arg>headers=&amp;{headers}</arg>
<arg>expected_status=anything</arg>
<doc>Sends a GET request on a previously created HTTP Session.</doc>
<status status="PASS" start="2025-08-02T23:28:28.241606" elapsed="1.004257"/>
</kw>
<kw name="Log" owner="BuiltIn">
<msg time="2025-08-02T23:28:29.246919" level="INFO">Response Text={}</msg>
<arg>Response Text=${response.text}</arg>
<doc>Logs the given message with the given level.</doc>
<status status="PASS" start="2025-08-02T23:28:29.246296" elapsed="0.000683"/>
</kw>
<kw name="Status Should Be" owner="RequestsLibrary">
<arg>404</arg>
<arg>${response}</arg>
<doc>Fails if response status code is different than the expected.</doc>
<status status="PASS" start="2025-08-02T23:28:29.247395" elapsed="0.000335"/>
</kw>
<kw name="Should Be Equal" owner="BuiltIn">
<arg>${response.text}</arg>
<arg>{}</arg>
<doc>Fails if the given objects are unequal.</doc>
<status status="PASS" start="2025-08-02T23:28:29.247975" elapsed="0.000497"/>
</kw>
<doc>Verify API returns 404 and empty JSON body for non-existing user</doc>
<status status="PASS" start="2025-08-02T23:28:28.239025" elapsed="1.009645"/>
</test>
<status status="PASS" start="2025-08-02T23:28:26.495328" elapsed="2.753823"/>
</suite>
<statistics>
<total>
<stat pass="2" fail="0" skip="0">All Tests</stat>
</total>
<tag>
</tag>
<suite>
<stat name="Api Test" id="s1" pass="2" fail="0" skip="0">Api Test</stat>
</suite>
</statistics>
<errors>
</errors>
</robot>
