<?xml version="1.0" encoding="UTF-8"?>
<robot generator="Robot 6.0 (Python 3.13.3 on win32)" generated="20250803 22:04:22.962" rpa="false" schemaversion="3">
<suite id="s1" name="Minimal-Todo-Tests" source="c:\Users\User\Downloads\Automated_Test_Thitikorn\Tests\assignment4\minimal-todo-tests.robot">
<test id="s1-t1" name="TC-001 Open Minimal Todo App" line="6">
<kw name="Start Minimal Todo App" library="mobile_keywords">
<doc>เปิดแอป Minimal Todo บน Emulator</doc>
<kw name="Open Application" library="AppiumLibrary">
<arg>${APPIUM_SERVER}</arg>
<arg>platformName=Android</arg>
<arg>appium:deviceName=${DEVICE_NAME}</arg>
<arg>appium:app=${APP_PATH}</arg>
<arg>appium:appPackage=${APP_PACKAGE}</arg>
<arg>appium:appActivity=${APP_ACTIVITY}</arg>
<arg>appium:automationName=${AUTOMATION_NAME}</arg>
<arg>autoGrantPermissions=true</arg>
<doc>Opens a new application to given Appium server.
Capabilities of appium server, Android and iOS,
Please check https://appium.io/docs/en/2.19/guides/caps/
| *Option*            | *Man.* | *Description*     |
| remote_url          | Yes    | Appium server url |
| alias               | No     | alias             |</doc>
<status status="PASS" starttime="20250803 22:04:23.481" endtime="20250803 22:04:26.801"/>
</kw>
<status status="PASS" starttime="20250803 22:04:23.481" endtime="20250803 22:04:26.801"/>
</kw>
<kw name="Verify App Title" library="mobile_keywords">
<arg>Minimal</arg>
<doc>ตรวจสอบชื่อแอปบน Toolbar</doc>
<kw name="Set Variable" library="BuiltIn">
<var>${title_xpath}</var>
<arg>xpath=//android.widget.TextView[@text="${title}"]</arg>
<doc>Returns the given values which can then be assigned to a variables.</doc>
<msg timestamp="20250803 22:04:26.802" level="INFO">${title_xpath} = xpath=//android.widget.TextView[@text="Minimal"]</msg>
<status status="PASS" starttime="20250803 22:04:26.802" endtime="20250803 22:04:26.802"/>
</kw>
<kw name="Wait Until Element Is Visible" library="AppiumLibrary">
<arg>${title_xpath}</arg>
<arg>timeout=10s</arg>
<doc>Waits until element specified with `locator` is visible.</doc>
<msg timestamp="20250803 22:04:27.616" level="INFO">xpath criteria: //android.widget.TextView[@text="Minimal"]</msg>
<status status="PASS" starttime="20250803 22:04:26.802" endtime="20250803 22:04:27.616"/>
</kw>
<kw name="Element Should Be Visible" library="AppiumLibrary">
<arg>${title_xpath}</arg>
<doc>Verifies that element identified with locator is visible.</doc>
<msg timestamp="20250803 22:04:27.671" level="INFO">xpath criteria: //android.widget.TextView[@text="Minimal"]</msg>
<status status="PASS" starttime="20250803 22:04:27.616" endtime="20250803 22:04:27.671"/>
</kw>
<status status="PASS" starttime="20250803 22:04:26.802" endtime="20250803 22:04:27.671"/>
</kw>
<kw name="Verify Empty Todo Message" library="mobile_keywords">
<doc>ตรวจสอบข้อความ "You don't have any todos"</doc>
<kw name="Wait Until Element Is Visible" library="AppiumLibrary">
<arg>${EMPTY_TODO_MESSAGE}</arg>
<arg>timeout=10s</arg>
<doc>Waits until element specified with `locator` is visible.</doc>
<msg timestamp="20250803 22:04:27.726" level="INFO">xpath criteria: //android.widget.TextView[@text="You don't have any todos"]</msg>
<status status="PASS" starttime="20250803 22:04:27.671" endtime="20250803 22:04:27.726"/>
</kw>
<kw name="Element Should Be Visible" library="AppiumLibrary">
<arg>${EMPTY_TODO_MESSAGE}</arg>
<doc>Verifies that element identified with locator is visible.</doc>
<msg timestamp="20250803 22:04:27.779" level="INFO">xpath criteria: //android.widget.TextView[@text="You don't have any todos"]</msg>
<status status="PASS" starttime="20250803 22:04:27.726" endtime="20250803 22:04:27.779"/>
</kw>
<status status="PASS" starttime="20250803 22:04:27.671" endtime="20250803 22:04:27.779"/>
</kw>
<kw name="Close Minimal Todo App" library="mobile_keywords">
<doc>ปิดแอป Minimal Todo</doc>
<kw name="Close Application" library="AppiumLibrary">
<doc>Closes the current application and also close webdriver session.</doc>
<status status="PASS" starttime="20250803 22:04:27.779" endtime="20250803 22:04:28.219"/>
</kw>
<status status="PASS" starttime="20250803 22:04:27.779" endtime="20250803 22:04:28.219"/>
</kw>
<tag>Smoke</tag>
<status status="PASS" starttime="20250803 22:04:23.480" endtime="20250803 22:04:28.219"/>
</test>
<test id="s1-t2" name="TC-002 Add Todo Item" line="13">
<kw name="Start Minimal Todo App" library="mobile_keywords">
<doc>เปิดแอป Minimal Todo บน Emulator</doc>
<kw name="Open Application" library="AppiumLibrary">
<arg>${APPIUM_SERVER}</arg>
<arg>platformName=Android</arg>
<arg>appium:deviceName=${DEVICE_NAME}</arg>
<arg>appium:app=${APP_PATH}</arg>
<arg>appium:appPackage=${APP_PACKAGE}</arg>
<arg>appium:appActivity=${APP_ACTIVITY}</arg>
<arg>appium:automationName=${AUTOMATION_NAME}</arg>
<arg>autoGrantPermissions=true</arg>
<doc>Opens a new application to given Appium server.
Capabilities of appium server, Android and iOS,
Please check https://appium.io/docs/en/2.19/guides/caps/
| *Option*            | *Man.* | *Description*     |
| remote_url          | Yes    | Appium server url |
| alias               | No     | alias             |</doc>
<status status="PASS" starttime="20250803 22:04:28.220" endtime="20250803 22:04:31.398"/>
</kw>
<status status="PASS" starttime="20250803 22:04:28.220" endtime="20250803 22:04:31.398"/>
</kw>
<kw name="Click Add Todo Button" library="mobile_keywords">
<doc>คลิกปุ่มเพิ่มรายการ (Add Todo Button)</doc>
<kw name="Wait Until Element Is Visible" library="AppiumLibrary">
<arg>${ADD_TODO_BUTTON}</arg>
<arg>timeout=10s</arg>
<doc>Waits until element specified with `locator` is visible.</doc>
<msg timestamp="20250803 22:04:31.970" level="INFO">criteria is com.avjindersinghsekhon.minimaltodo:id/addToDoItemFAB</msg>
<status status="PASS" starttime="20250803 22:04:31.399" endtime="20250803 22:04:31.970"/>
</kw>
<kw name="Click Element" library="AppiumLibrary">
<arg>${ADD_TODO_BUTTON}</arg>
<doc>Click element identified by `locator`.</doc>
<msg timestamp="20250803 22:04:31.971" level="INFO">Clicking element 'id=com.avjindersinghsekhon.minimaltodo:id/addToDoItemFAB'.</msg>
<msg timestamp="20250803 22:04:32.097" level="INFO">criteria is com.avjindersinghsekhon.minimaltodo:id/addToDoItemFAB</msg>
<status status="PASS" starttime="20250803 22:04:31.970" endtime="20250803 22:04:32.097"/>
</kw>
<status status="PASS" starttime="20250803 22:04:31.398" endtime="20250803 22:04:32.097"/>
</kw>
<kw name="Enter Todo Item" library="mobile_keywords">
<arg>Buy Groceries</arg>
<doc>ป้อนข้อความในรายการใหม่</doc>
<kw name="Wait Until Element Is Visible" library="AppiumLibrary">
<arg>${TODO_INPUT_FIELD}</arg>
<arg>timeout=10s</arg>
<doc>Waits until element specified with `locator` is visible.</doc>
<msg timestamp="20250803 22:04:33.792" level="INFO">xpath criteria: //*[@resource-id="com.avjindersinghsekhon.minimaltodo:id/userToDoEditText"]</msg>
<status status="PASS" starttime="20250803 22:04:32.098" endtime="20250803 22:04:33.792"/>
</kw>
<kw name="Input Text" library="AppiumLibrary">
<arg>${TODO_INPUT_FIELD}</arg>
<arg>${todo_item}</arg>
<doc>Types the given `text` into text field identified by `locator`.</doc>
<msg timestamp="20250803 22:04:33.793" level="INFO">Typing text 'Buy Groceries' into text field 'xpath=//*[@resource-id="com.avjindersinghsekhon.minimaltodo:id/userToDoEditText"]'</msg>
<msg timestamp="20250803 22:04:33.863" level="INFO">xpath criteria: //*[@resource-id="com.avjindersinghsekhon.minimaltodo:id/userToDoEditText"]</msg>
<status status="PASS" starttime="20250803 22:04:33.792" endtime="20250803 22:04:33.863"/>
</kw>
<kw name="Wait Until Element Is Visible" library="AppiumLibrary">
<arg>${SAVE_TODO_BUTTON}</arg>
<arg>timeout=10s</arg>
<doc>Waits until element specified with `locator` is visible.</doc>
<msg timestamp="20250803 22:04:34.617" level="INFO">xpath criteria: //*[@resource-id="com.avjindersinghsekhon.minimaltodo:id/makeToDoFloatingActionButton"]</msg>
<status status="PASS" starttime="20250803 22:04:33.863" endtime="20250803 22:04:34.617"/>
</kw>
<kw name="Click Element" library="AppiumLibrary">
<arg>${SAVE_TODO_BUTTON}</arg>
<doc>Click element identified by `locator`.</doc>
<msg timestamp="20250803 22:04:34.619" level="INFO">Clicking element 'xpath=//*[@resource-id="com.avjindersinghsekhon.minimaltodo:id/makeToDoFloatingActionButton"]'.</msg>
<msg timestamp="20250803 22:04:35.373" level="INFO">xpath criteria: //*[@resource-id="com.avjindersinghsekhon.minimaltodo:id/makeToDoFloatingActionButton"]</msg>
<status status="PASS" starttime="20250803 22:04:34.617" endtime="20250803 22:04:35.374"/>
</kw>
<status status="PASS" starttime="20250803 22:04:32.097" endtime="20250803 22:04:35.374"/>
</kw>
<kw name="Verify Todo Item Added" library="mobile_keywords">
<arg>Buy Groceries</arg>
<doc>ตรวจสอบว่ารายการใหม่ถูกเพิ่มเรียบร้อยแล้ว</doc>
<kw name="Set Variable" library="BuiltIn">
<var>${todo_xpath}</var>
<arg>xpath=//android.widget.TextView[@text="${todo_item}"]</arg>
<doc>Returns the given values which can then be assigned to a variables.</doc>
<msg timestamp="20250803 22:04:35.375" level="INFO">${todo_xpath} = xpath=//android.widget.TextView[@text="Buy Groceries"]</msg>
<status status="PASS" starttime="20250803 22:04:35.375" endtime="20250803 22:04:35.375"/>
</kw>
<kw name="Wait Until Element Is Visible" library="AppiumLibrary">
<arg>${todo_xpath}</arg>
<arg>timeout=10s</arg>
<doc>Waits until element specified with `locator` is visible.</doc>
<msg timestamp="20250803 22:04:35.983" level="INFO">xpath criteria: //android.widget.TextView[@text="Buy Groceries"]</msg>
<status status="PASS" starttime="20250803 22:04:35.375" endtime="20250803 22:04:35.983"/>
</kw>
<kw name="Element Should Be Visible" library="AppiumLibrary">
<arg>${todo_xpath}</arg>
<doc>Verifies that element identified with locator is visible.</doc>
<msg timestamp="20250803 22:04:36.043" level="INFO">xpath criteria: //android.widget.TextView[@text="Buy Groceries"]</msg>
<status status="PASS" starttime="20250803 22:04:35.983" endtime="20250803 22:04:36.043"/>
</kw>
<status status="PASS" starttime="20250803 22:04:35.374" endtime="20250803 22:04:36.043"/>
</kw>
<kw name="Close Minimal Todo App" library="mobile_keywords">
<doc>ปิดแอป Minimal Todo</doc>
<kw name="Close Application" library="AppiumLibrary">
<doc>Closes the current application and also close webdriver session.</doc>
<status status="PASS" starttime="20250803 22:04:36.044" endtime="20250803 22:04:36.510"/>
</kw>
<status status="PASS" starttime="20250803 22:04:36.044" endtime="20250803 22:04:36.510"/>
</kw>
<tag>Functional</tag>
<status status="PASS" starttime="20250803 22:04:28.220" endtime="20250803 22:04:36.510"/>
</test>
<test id="s1-t3" name="TC-003 Add And Delete Todo" line="21">
<kw name="Start Minimal Todo App" library="mobile_keywords">
<doc>เปิดแอป Minimal Todo บน Emulator</doc>
<kw name="Open Application" library="AppiumLibrary">
<arg>${APPIUM_SERVER}</arg>
<arg>platformName=Android</arg>
<arg>appium:deviceName=${DEVICE_NAME}</arg>
<arg>appium:app=${APP_PATH}</arg>
<arg>appium:appPackage=${APP_PACKAGE}</arg>
<arg>appium:appActivity=${APP_ACTIVITY}</arg>
<arg>appium:automationName=${AUTOMATION_NAME}</arg>
<arg>autoGrantPermissions=true</arg>
<doc>Opens a new application to given Appium server.
Capabilities of appium server, Android and iOS,
Please check https://appium.io/docs/en/2.19/guides/caps/
| *Option*            | *Man.* | *Description*     |
| remote_url          | Yes    | Appium server url |
| alias               | No     | alias             |</doc>
<status status="PASS" starttime="20250803 22:04:36.512" endtime="20250803 22:04:39.752"/>
</kw>
<status status="PASS" starttime="20250803 22:04:36.512" endtime="20250803 22:04:39.752"/>
</kw>
<kw name="Click Add Todo Button" library="mobile_keywords">
<doc>คลิกปุ่มเพิ่มรายการ (Add Todo Button)</doc>
<kw name="Wait Until Element Is Visible" library="AppiumLibrary">
<arg>${ADD_TODO_BUTTON}</arg>
<arg>timeout=10s</arg>
<doc>Waits until element specified with `locator` is visible.</doc>
<msg timestamp="20250803 22:04:40.347" level="INFO">criteria is com.avjindersinghsekhon.minimaltodo:id/addToDoItemFAB</msg>
<status status="PASS" starttime="20250803 22:04:39.752" endtime="20250803 22:04:40.347"/>
</kw>
<kw name="Click Element" library="AppiumLibrary">
<arg>${ADD_TODO_BUTTON}</arg>
<doc>Click element identified by `locator`.</doc>
<msg timestamp="20250803 22:04:40.348" level="INFO">Clicking element 'id=com.avjindersinghsekhon.minimaltodo:id/addToDoItemFAB'.</msg>
<msg timestamp="20250803 22:04:40.475" level="INFO">criteria is com.avjindersinghsekhon.minimaltodo:id/addToDoItemFAB</msg>
<status status="PASS" starttime="20250803 22:04:40.347" endtime="20250803 22:04:40.475"/>
</kw>
<status status="PASS" starttime="20250803 22:04:39.752" endtime="20250803 22:04:40.475"/>
</kw>
<kw name="Enter Todo Item" library="mobile_keywords">
<arg>Buy groceries</arg>
<doc>ป้อนข้อความในรายการใหม่</doc>
<kw name="Wait Until Element Is Visible" library="AppiumLibrary">
<arg>${TODO_INPUT_FIELD}</arg>
<arg>timeout=10s</arg>
<doc>Waits until element specified with `locator` is visible.</doc>
<msg timestamp="20250803 22:04:42.067" level="INFO">xpath criteria: //*[@resource-id="com.avjindersinghsekhon.minimaltodo:id/userToDoEditText"]</msg>
<status status="PASS" starttime="20250803 22:04:40.475" endtime="20250803 22:04:42.067"/>
</kw>
<kw name="Input Text" library="AppiumLibrary">
<arg>${TODO_INPUT_FIELD}</arg>
<arg>${todo_item}</arg>
<doc>Types the given `text` into text field identified by `locator`.</doc>
<msg timestamp="20250803 22:04:42.069" level="INFO">Typing text 'Buy groceries' into text field 'xpath=//*[@resource-id="com.avjindersinghsekhon.minimaltodo:id/userToDoEditText"]'</msg>
<msg timestamp="20250803 22:04:42.154" level="INFO">xpath criteria: //*[@resource-id="com.avjindersinghsekhon.minimaltodo:id/userToDoEditText"]</msg>
<status status="PASS" starttime="20250803 22:04:42.067" endtime="20250803 22:04:42.154"/>
</kw>
<kw name="Wait Until Element Is Visible" library="AppiumLibrary">
<arg>${SAVE_TODO_BUTTON}</arg>
<arg>timeout=10s</arg>
<doc>Waits until element specified with `locator` is visible.</doc>
<msg timestamp="20250803 22:04:42.935" level="INFO">xpath criteria: //*[@resource-id="com.avjindersinghsekhon.minimaltodo:id/makeToDoFloatingActionButton"]</msg>
<status status="PASS" starttime="20250803 22:04:42.154" endtime="20250803 22:04:42.935"/>
</kw>
<kw name="Click Element" library="AppiumLibrary">
<arg>${SAVE_TODO_BUTTON}</arg>
<doc>Click element identified by `locator`.</doc>
<msg timestamp="20250803 22:04:42.937" level="INFO">Clicking element 'xpath=//*[@resource-id="com.avjindersinghsekhon.minimaltodo:id/makeToDoFloatingActionButton"]'.</msg>
<msg timestamp="20250803 22:04:44.202" level="INFO">xpath criteria: //*[@resource-id="com.avjindersinghsekhon.minimaltodo:id/makeToDoFloatingActionButton"]</msg>
<status status="PASS" starttime="20250803 22:04:42.935" endtime="20250803 22:04:44.202"/>
</kw>
<status status="PASS" starttime="20250803 22:04:40.475" endtime="20250803 22:04:44.202"/>
</kw>
<kw name="Verify Todo Item Added" library="mobile_keywords">
<arg>Buy groceries</arg>
<doc>ตรวจสอบว่ารายการใหม่ถูกเพิ่มเรียบร้อยแล้ว</doc>
<kw name="Set Variable" library="BuiltIn">
<var>${todo_xpath}</var>
<arg>xpath=//android.widget.TextView[@text="${todo_item}"]</arg>
<doc>Returns the given values which can then be assigned to a variables.</doc>
<msg timestamp="20250803 22:04:44.203" level="INFO">${todo_xpath} = xpath=//android.widget.TextView[@text="Buy groceries"]</msg>
<status status="PASS" starttime="20250803 22:04:44.203" endtime="20250803 22:04:44.203"/>
</kw>
<kw name="Wait Until Element Is Visible" library="AppiumLibrary">
<arg>${todo_xpath}</arg>
<arg>timeout=10s</arg>
<doc>Waits until element specified with `locator` is visible.</doc>
<msg timestamp="20250803 22:04:44.268" level="INFO">xpath criteria: //android.widget.TextView[@text="Buy groceries"]</msg>
<status status="PASS" starttime="20250803 22:04:44.203" endtime="20250803 22:04:44.268"/>
</kw>
<kw name="Element Should Be Visible" library="AppiumLibrary">
<arg>${todo_xpath}</arg>
<doc>Verifies that element identified with locator is visible.</doc>
<msg timestamp="20250803 22:04:44.332" level="INFO">xpath criteria: //android.widget.TextView[@text="Buy groceries"]</msg>
<status status="PASS" starttime="20250803 22:04:44.268" endtime="20250803 22:04:44.332"/>
</kw>
<status status="PASS" starttime="20250803 22:04:44.202" endtime="20250803 22:04:44.333"/>
</kw>
<kw name="Delete Todo Item" library="mobile_keywords">
<arg>Buy groceries</arg>
<doc>ลบรายการที่ระบุโดยการปัดซ้าย (ลบเฉพาะ element ที่เลือก)</doc>
<kw name="Get Webelements" library="AppiumLibrary">
<var>${elements}</var>
<arg>xpath=//android.widget.TextView[@text="${todo_item}"]</arg>
<doc>Returns list of [http://selenium-python.readthedocs.io/api.html#module-selenium.webdriver.remote.webelement|WebElement] objects matching ``locator``.</doc>
<msg timestamp="20250803 22:04:44.371" level="INFO">xpath criteria: //android.widget.TextView[@text="Buy groceries"]</msg>
<msg timestamp="20250803 22:04:44.372" level="INFO">${elements} = [&lt;appium.webdriver.webelement.WebElement (session="54cf7790-6ab6-4fca-8a94-73bd03e9fb69", element="00000000-0000-0320-ffff-ffff00000032")&gt;]</msg>
<status status="PASS" starttime="20250803 22:04:44.333" endtime="20250803 22:04:44.372"/>
</kw>
<kw name="Get Length" library="BuiltIn">
<var>${initial_count}</var>
<arg>${elements}</arg>
<doc>Returns and logs the length of the given item as an integer.</doc>
<msg timestamp="20250803 22:04:44.372" level="INFO">Length is 1</msg>
<msg timestamp="20250803 22:04:44.372" level="INFO">${initial_count} = 1</msg>
<status status="PASS" starttime="20250803 22:04:44.372" endtime="20250803 22:04:44.372"/>
</kw>
<kw name="Swipe Todo Item Left" library="mobile_keywords">
<arg>${todo_item}</arg>
<doc>ปัดรายการไปทางซ้ายเพื่อลบ</doc>
<kw name="Set Variable" library="BuiltIn">
<var>${todo_xpath}</var>
<arg>xpath=//android.widget.TextView[@text="${todo_item}"]</arg>
<doc>Returns the given values which can then be assigned to a variables.</doc>
<msg timestamp="20250803 22:04:44.372" level="INFO">${todo_xpath} = xpath=//android.widget.TextView[@text="Buy groceries"]</msg>
<status status="PASS" starttime="20250803 22:04:44.372" endtime="20250803 22:04:44.372"/>
</kw>
<kw name="Wait Until Element Is Visible" library="AppiumLibrary">
<arg>${todo_xpath}</arg>
<arg>timeout=10s</arg>
<doc>Waits until element specified with `locator` is visible.</doc>
<msg timestamp="20250803 22:04:44.419" level="INFO">xpath criteria: //android.widget.TextView[@text="Buy groceries"]</msg>
<status status="PASS" starttime="20250803 22:04:44.373" endtime="20250803 22:04:44.419"/>
</kw>
<kw name="Get Webelement" library="AppiumLibrary">
<var>${element}</var>
<arg>${todo_xpath}</arg>
<doc>Returns the first [http://selenium-python.readthedocs.io/api.html#module-selenium.webdriver.remote.webelement|WebElement] object matching ``locator``.</doc>
<msg timestamp="20250803 22:04:44.460" level="INFO">xpath criteria: //android.widget.TextView[@text="Buy groceries"]</msg>
<msg timestamp="20250803 22:04:44.460" level="INFO">${element} = &lt;appium.webdriver.webelement.WebElement (session="54cf7790-6ab6-4fca-8a94-73bd03e9fb69", element="00000000-0000-0320-ffff-ffff00000032")&gt;</msg>
<status status="PASS" starttime="20250803 22:04:44.419" endtime="20250803 22:04:44.460"/>
</kw>
<kw name="Get Element Location" library="AppiumLibrary">
<var>${element_location}</var>
<arg>${todo_xpath}</arg>
<doc>Get element location</doc>
<msg timestamp="20250803 22:04:44.509" level="INFO">Element 'xpath=//android.widget.TextView[@text="Buy groceries"]' location: {'x': 231, 'y': 303} </msg>
<msg timestamp="20250803 22:04:44.509" level="INFO">xpath criteria: //android.widget.TextView[@text="Buy groceries"]</msg>
<msg timestamp="20250803 22:04:44.509" level="INFO">${element_location} = {'x': 231, 'y': 303}</msg>
<status status="PASS" starttime="20250803 22:04:44.460" endtime="20250803 22:04:44.509"/>
</kw>
<kw name="Get Element Size" library="AppiumLibrary">
<var>${element_size}</var>
<arg>${todo_xpath}</arg>
<doc>Get element size</doc>
<msg timestamp="20250803 22:04:44.563" level="INFO">Element 'xpath=//android.widget.TextView[@text="Buy groceries"]' size: {'height': 65, 'width': 849} </msg>
<msg timestamp="20250803 22:04:44.563" level="INFO">xpath criteria: //android.widget.TextView[@text="Buy groceries"]</msg>
<msg timestamp="20250803 22:04:44.563" level="INFO">${element_size} = {'height': 65, 'width': 849}</msg>
<status status="PASS" starttime="20250803 22:04:44.509" endtime="20250803 22:04:44.563"/>
</kw>
<kw name="Evaluate" library="BuiltIn">
<var>${start_x}</var>
<arg>${element_location['x']} + ${element_size['width']} * 0.8</arg>
<doc>Evaluates the given expression in Python and returns the result.</doc>
<msg timestamp="20250803 22:04:44.564" level="INFO">${start_x} = 910.2</msg>
<status status="PASS" starttime="20250803 22:04:44.563" endtime="20250803 22:04:44.564"/>
</kw>
<kw name="Evaluate" library="BuiltIn">
<var>${end_x}</var>
<arg>${element_location['x']} + ${element_size['width']} * 0.1</arg>
<doc>Evaluates the given expression in Python and returns the result.</doc>
<msg timestamp="20250803 22:04:44.564" level="INFO">${end_x} = 315.9</msg>
<status status="PASS" starttime="20250803 22:04:44.564" endtime="20250803 22:04:44.564"/>
</kw>
<kw name="Evaluate" library="BuiltIn">
<var>${y}</var>
<arg>${element_location['y']} + ${element_size['height']} * 0.5</arg>
<doc>Evaluates the given expression in Python and returns the result.</doc>
<msg timestamp="20250803 22:04:44.565" level="INFO">${y} = 335.5</msg>
<status status="PASS" starttime="20250803 22:04:44.564" endtime="20250803 22:04:44.565"/>
</kw>
<kw name="Swipe" library="AppiumLibrary">
<arg>start_x=${start_x}</arg>
<arg>start_y=${y}</arg>
<arg>end_x=${end_x}</arg>
<arg>end_y=${y}</arg>
<arg>duration=500ms</arg>
<doc>Swipe from one point to another point, for an optional duration.</doc>
<msg timestamp="20250803 22:04:44.566" level="WARN">Keyword 'Swipe' converts the values of 'start_x', 'start_y', 'end_x', 'end_y' to integer.</msg>
<msg timestamp="20250803 22:04:44.567" level="WARN">Keyword 'Swipe' converts the values of 'start_x', 'start_y', 'end_x', 'end_y' to integer.</msg>
<msg timestamp="20250803 22:04:44.567" level="WARN">Keyword 'Swipe' converts the values of 'start_x', 'start_y', 'end_x', 'end_y' to integer.</msg>
<msg timestamp="20250803 22:04:44.568" level="WARN">Keyword 'Swipe' converts the values of 'start_x', 'start_y', 'end_x', 'end_y' to integer.</msg>
<status status="PASS" starttime="20250803 22:04:44.565" endtime="20250803 22:04:45.496"/>
</kw>
<kw name="Sleep" library="BuiltIn">
<arg>2s</arg>
<doc>Pauses the test executed for the given time.</doc>
<msg timestamp="20250803 22:04:47.497" level="INFO">Slept 2 seconds</msg>
<status status="PASS" starttime="20250803 22:04:45.496" endtime="20250803 22:04:47.497"/>
</kw>
<status status="PASS" starttime="20250803 22:04:44.372" endtime="20250803 22:04:47.497"/>
</kw>
<status status="PASS" starttime="20250803 22:04:44.333" endtime="20250803 22:04:47.497"/>
</kw>
<kw name="Verify Todo Item Deleted" library="mobile_keywords">
<arg>Buy groceries</arg>
<doc>ตรวจสอบว่ารายการถูกลบเรียบร้อยแล้ว</doc>
<kw name="Set Variable" library="BuiltIn">
<var>${todo_xpath}</var>
<arg>xpath=//android.widget.TextView[@text="${todo_item}"]</arg>
<doc>Returns the given values which can then be assigned to a variables.</doc>
<msg timestamp="20250803 22:04:47.498" level="INFO">${todo_xpath} = xpath=//android.widget.TextView[@text="Buy groceries"]</msg>
<status status="PASS" starttime="20250803 22:04:47.498" endtime="20250803 22:04:47.498"/>
</kw>
<kw name="Wait Until Page Does Not Contain Element" library="AppiumLibrary">
<arg>${todo_xpath}</arg>
<arg>timeout=10s</arg>
<doc>Waits until element specified with `locator` disappears from current page.</doc>
<msg timestamp="20250803 22:04:47.566" level="INFO">xpath criteria: //android.widget.TextView[@text="Buy groceries"]</msg>
<status status="PASS" starttime="20250803 22:04:47.498" endtime="20250803 22:04:47.566"/>
</kw>
<status status="PASS" starttime="20250803 22:04:47.497" endtime="20250803 22:04:47.566"/>
</kw>
<kw name="Verify Empty Todo Message" library="mobile_keywords">
<doc>ตรวจสอบข้อความ "You don't have any todos"</doc>
<kw name="Wait Until Element Is Visible" library="AppiumLibrary">
<arg>${EMPTY_TODO_MESSAGE}</arg>
<arg>timeout=10s</arg>
<doc>Waits until element specified with `locator` is visible.</doc>
<msg timestamp="20250803 22:04:47.614" level="INFO">xpath criteria: //android.widget.TextView[@text="You don't have any todos"]</msg>
<status status="PASS" starttime="20250803 22:04:47.566" endtime="20250803 22:04:47.615"/>
</kw>
<kw name="Element Should Be Visible" library="AppiumLibrary">
<arg>${EMPTY_TODO_MESSAGE}</arg>
<doc>Verifies that element identified with locator is visible.</doc>
<msg timestamp="20250803 22:04:47.664" level="INFO">xpath criteria: //android.widget.TextView[@text="You don't have any todos"]</msg>
<status status="PASS" starttime="20250803 22:04:47.615" endtime="20250803 22:04:47.664"/>
</kw>
<status status="PASS" starttime="20250803 22:04:47.566" endtime="20250803 22:04:47.664"/>
</kw>
<kw name="Close Minimal Todo App" library="mobile_keywords">
<doc>ปิดแอป Minimal Todo</doc>
<kw name="Close Application" library="AppiumLibrary">
<doc>Closes the current application and also close webdriver session.</doc>
<status status="PASS" starttime="20250803 22:04:47.665" endtime="20250803 22:04:48.058"/>
</kw>
<status status="PASS" starttime="20250803 22:04:47.665" endtime="20250803 22:04:48.058"/>
</kw>
<status status="PASS" starttime="20250803 22:04:36.511" endtime="20250803 22:04:48.059"/>
</test>
<test id="s1-t4" name="TC-004 Add Multiple Todo Items" line="31">
<kw name="Start Minimal Todo App" library="mobile_keywords">
<doc>เปิดแอป Minimal Todo บน Emulator</doc>
<kw name="Open Application" library="AppiumLibrary">
<arg>${APPIUM_SERVER}</arg>
<arg>platformName=Android</arg>
<arg>appium:deviceName=${DEVICE_NAME}</arg>
<arg>appium:app=${APP_PATH}</arg>
<arg>appium:appPackage=${APP_PACKAGE}</arg>
<arg>appium:appActivity=${APP_ACTIVITY}</arg>
<arg>appium:automationName=${AUTOMATION_NAME}</arg>
<arg>autoGrantPermissions=true</arg>
<doc>Opens a new application to given Appium server.
Capabilities of appium server, Android and iOS,
Please check https://appium.io/docs/en/2.19/guides/caps/
| *Option*            | *Man.* | *Description*     |
| remote_url          | Yes    | Appium server url |
| alias               | No     | alias             |</doc>
<status status="PASS" starttime="20250803 22:04:48.060" endtime="20250803 22:04:51.442"/>
</kw>
<status status="PASS" starttime="20250803 22:04:48.060" endtime="20250803 22:04:51.442"/>
</kw>
<kw name="Click Add Todo Button" library="mobile_keywords">
<doc>คลิกปุ่มเพิ่มรายการ (Add Todo Button)</doc>
<kw name="Wait Until Element Is Visible" library="AppiumLibrary">
<arg>${ADD_TODO_BUTTON}</arg>
<arg>timeout=10s</arg>
<doc>Waits until element specified with `locator` is visible.</doc>
<msg timestamp="20250803 22:04:52.021" level="INFO">criteria is com.avjindersinghsekhon.minimaltodo:id/addToDoItemFAB</msg>
<status status="PASS" starttime="20250803 22:04:51.443" endtime="20250803 22:04:52.021"/>
</kw>
<kw name="Click Element" library="AppiumLibrary">
<arg>${ADD_TODO_BUTTON}</arg>
<doc>Click element identified by `locator`.</doc>
<msg timestamp="20250803 22:04:52.022" level="INFO">Clicking element 'id=com.avjindersinghsekhon.minimaltodo:id/addToDoItemFAB'.</msg>
<msg timestamp="20250803 22:04:52.131" level="INFO">criteria is com.avjindersinghsekhon.minimaltodo:id/addToDoItemFAB</msg>
<status status="PASS" starttime="20250803 22:04:52.021" endtime="20250803 22:04:52.131"/>
</kw>
<status status="PASS" starttime="20250803 22:04:51.442" endtime="20250803 22:04:52.132"/>
</kw>
<kw name="Enter Todo Item" library="mobile_keywords">
<arg>Buy groceries</arg>
<doc>ป้อนข้อความในรายการใหม่</doc>
<kw name="Wait Until Element Is Visible" library="AppiumLibrary">
<arg>${TODO_INPUT_FIELD}</arg>
<arg>timeout=10s</arg>
<doc>Waits until element specified with `locator` is visible.</doc>
<msg timestamp="20250803 22:04:53.788" level="INFO">xpath criteria: //*[@resource-id="com.avjindersinghsekhon.minimaltodo:id/userToDoEditText"]</msg>
<status status="PASS" starttime="20250803 22:04:52.132" endtime="20250803 22:04:53.788"/>
</kw>
<kw name="Input Text" library="AppiumLibrary">
<arg>${TODO_INPUT_FIELD}</arg>
<arg>${todo_item}</arg>
<doc>Types the given `text` into text field identified by `locator`.</doc>
<msg timestamp="20250803 22:04:53.789" level="INFO">Typing text 'Buy groceries' into text field 'xpath=//*[@resource-id="com.avjindersinghsekhon.minimaltodo:id/userToDoEditText"]'</msg>
<msg timestamp="20250803 22:04:53.864" level="INFO">xpath criteria: //*[@resource-id="com.avjindersinghsekhon.minimaltodo:id/userToDoEditText"]</msg>
<status status="PASS" starttime="20250803 22:04:53.788" endtime="20250803 22:04:53.864"/>
</kw>
<kw name="Wait Until Element Is Visible" library="AppiumLibrary">
<arg>${SAVE_TODO_BUTTON}</arg>
<arg>timeout=10s</arg>
<doc>Waits until element specified with `locator` is visible.</doc>
<msg timestamp="20250803 22:04:54.614" level="INFO">xpath criteria: //*[@resource-id="com.avjindersinghsekhon.minimaltodo:id/makeToDoFloatingActionButton"]</msg>
<status status="PASS" starttime="20250803 22:04:53.865" endtime="20250803 22:04:54.614"/>
</kw>
<kw name="Click Element" library="AppiumLibrary">
<arg>${SAVE_TODO_BUTTON}</arg>
<doc>Click element identified by `locator`.</doc>
<msg timestamp="20250803 22:04:54.616" level="INFO">Clicking element 'xpath=//*[@resource-id="com.avjindersinghsekhon.minimaltodo:id/makeToDoFloatingActionButton"]'.</msg>
<msg timestamp="20250803 22:04:55.434" level="INFO">xpath criteria: //*[@resource-id="com.avjindersinghsekhon.minimaltodo:id/makeToDoFloatingActionButton"]</msg>
<status status="PASS" starttime="20250803 22:04:54.614" endtime="20250803 22:04:55.435"/>
</kw>
<status status="PASS" starttime="20250803 22:04:52.132" endtime="20250803 22:04:55.435"/>
</kw>
<kw name="Verify Todo Item Added" library="mobile_keywords">
<arg>Buy groceries</arg>
<doc>ตรวจสอบว่ารายการใหม่ถูกเพิ่มเรียบร้อยแล้ว</doc>
<kw name="Set Variable" library="BuiltIn">
<var>${todo_xpath}</var>
<arg>xpath=//android.widget.TextView[@text="${todo_item}"]</arg>
<doc>Returns the given values which can then be assigned to a variables.</doc>
<msg timestamp="20250803 22:04:55.436" level="INFO">${todo_xpath} = xpath=//android.widget.TextView[@text="Buy groceries"]</msg>
<status status="PASS" starttime="20250803 22:04:55.435" endtime="20250803 22:04:55.436"/>
</kw>
<kw name="Wait Until Element Is Visible" library="AppiumLibrary">
<arg>${todo_xpath}</arg>
<arg>timeout=10s</arg>
<doc>Waits until element specified with `locator` is visible.</doc>
<msg timestamp="20250803 22:04:55.998" level="INFO">xpath criteria: //android.widget.TextView[@text="Buy groceries"]</msg>
<status status="PASS" starttime="20250803 22:04:55.436" endtime="20250803 22:04:55.998"/>
</kw>
<kw name="Element Should Be Visible" library="AppiumLibrary">
<arg>${todo_xpath}</arg>
<doc>Verifies that element identified with locator is visible.</doc>
<msg timestamp="20250803 22:04:56.056" level="INFO">xpath criteria: //android.widget.TextView[@text="Buy groceries"]</msg>
<status status="PASS" starttime="20250803 22:04:55.998" endtime="20250803 22:04:56.056"/>
</kw>
<status status="PASS" starttime="20250803 22:04:55.435" endtime="20250803 22:04:56.056"/>
</kw>
<kw name="Click Add Todo Button" library="mobile_keywords">
<doc>คลิกปุ่มเพิ่มรายการ (Add Todo Button)</doc>
<kw name="Wait Until Element Is Visible" library="AppiumLibrary">
<arg>${ADD_TODO_BUTTON}</arg>
<arg>timeout=10s</arg>
<doc>Waits until element specified with `locator` is visible.</doc>
<msg timestamp="20250803 22:04:56.102" level="INFO">criteria is com.avjindersinghsekhon.minimaltodo:id/addToDoItemFAB</msg>
<status status="PASS" starttime="20250803 22:04:56.057" endtime="20250803 22:04:56.102"/>
</kw>
<kw name="Click Element" library="AppiumLibrary">
<arg>${ADD_TODO_BUTTON}</arg>
<doc>Click element identified by `locator`.</doc>
<msg timestamp="20250803 22:04:56.103" level="INFO">Clicking element 'id=com.avjindersinghsekhon.minimaltodo:id/addToDoItemFAB'.</msg>
<msg timestamp="20250803 22:04:56.218" level="INFO">criteria is com.avjindersinghsekhon.minimaltodo:id/addToDoItemFAB</msg>
<status status="PASS" starttime="20250803 22:04:56.102" endtime="20250803 22:04:56.219"/>
</kw>
<status status="PASS" starttime="20250803 22:04:56.057" endtime="20250803 22:04:56.219"/>
</kw>
<kw name="Enter Todo Item" library="mobile_keywords">
<arg>Do laundry</arg>
<doc>ป้อนข้อความในรายการใหม่</doc>
<kw name="Wait Until Element Is Visible" library="AppiumLibrary">
<arg>${TODO_INPUT_FIELD}</arg>
<arg>timeout=10s</arg>
<doc>Waits until element specified with `locator` is visible.</doc>
<msg timestamp="20250803 22:04:56.914" level="INFO">xpath criteria: //*[@resource-id="com.avjindersinghsekhon.minimaltodo:id/userToDoEditText"]</msg>
<status status="PASS" starttime="20250803 22:04:56.220" endtime="20250803 22:04:56.914"/>
</kw>
<kw name="Input Text" library="AppiumLibrary">
<arg>${TODO_INPUT_FIELD}</arg>
<arg>${todo_item}</arg>
<doc>Types the given `text` into text field identified by `locator`.</doc>
<msg timestamp="20250803 22:04:56.915" level="INFO">Typing text 'Do laundry' into text field 'xpath=//*[@resource-id="com.avjindersinghsekhon.minimaltodo:id/userToDoEditText"]'</msg>
<msg timestamp="20250803 22:04:57.028" level="INFO">xpath criteria: //*[@resource-id="com.avjindersinghsekhon.minimaltodo:id/userToDoEditText"]</msg>
<status status="PASS" starttime="20250803 22:04:56.914" endtime="20250803 22:04:57.028"/>
</kw>
<kw name="Wait Until Element Is Visible" library="AppiumLibrary">
<arg>${SAVE_TODO_BUTTON}</arg>
<arg>timeout=10s</arg>
<doc>Waits until element specified with `locator` is visible.</doc>
<msg timestamp="20250803 22:04:57.863" level="INFO">xpath criteria: //*[@resource-id="com.avjindersinghsekhon.minimaltodo:id/makeToDoFloatingActionButton"]</msg>
<status status="PASS" starttime="20250803 22:04:57.028" endtime="20250803 22:04:57.863"/>
</kw>
<kw name="Click Element" library="AppiumLibrary">
<arg>${SAVE_TODO_BUTTON}</arg>
<doc>Click element identified by `locator`.</doc>
<msg timestamp="20250803 22:04:57.864" level="INFO">Clicking element 'xpath=//*[@resource-id="com.avjindersinghsekhon.minimaltodo:id/makeToDoFloatingActionButton"]'.</msg>
<msg timestamp="20250803 22:04:57.967" level="INFO">xpath criteria: //*[@resource-id="com.avjindersinghsekhon.minimaltodo:id/makeToDoFloatingActionButton"]</msg>
<status status="PASS" starttime="20250803 22:04:57.863" endtime="20250803 22:04:57.967"/>
</kw>
<status status="PASS" starttime="20250803 22:04:56.219" endtime="20250803 22:04:57.967"/>
</kw>
<kw name="Verify Todo Item Added" library="mobile_keywords">
<arg>Do laundry</arg>
<doc>ตรวจสอบว่ารายการใหม่ถูกเพิ่มเรียบร้อยแล้ว</doc>
<kw name="Set Variable" library="BuiltIn">
<var>${todo_xpath}</var>
<arg>xpath=//android.widget.TextView[@text="${todo_item}"]</arg>
<doc>Returns the given values which can then be assigned to a variables.</doc>
<msg timestamp="20250803 22:04:57.970" level="INFO">${todo_xpath} = xpath=//android.widget.TextView[@text="Do laundry"]</msg>
<status status="PASS" starttime="20250803 22:04:57.970" endtime="20250803 22:04:57.970"/>
</kw>
<kw name="Wait Until Element Is Visible" library="AppiumLibrary">
<arg>${todo_xpath}</arg>
<arg>timeout=10s</arg>
<doc>Waits until element specified with `locator` is visible.</doc>
<msg timestamp="20250803 22:04:58.672" level="INFO">xpath criteria: //android.widget.TextView[@text="Do laundry"]</msg>
<status status="PASS" starttime="20250803 22:04:57.970" endtime="20250803 22:04:58.673"/>
</kw>
<kw name="Element Should Be Visible" library="AppiumLibrary">
<arg>${todo_xpath}</arg>
<doc>Verifies that element identified with locator is visible.</doc>
<msg timestamp="20250803 22:04:58.743" level="INFO">xpath criteria: //android.widget.TextView[@text="Do laundry"]</msg>
<status status="PASS" starttime="20250803 22:04:58.673" endtime="20250803 22:04:58.743"/>
</kw>
<status status="PASS" starttime="20250803 22:04:57.969" endtime="20250803 22:04:58.744"/>
</kw>
<kw name="Click Add Todo Button" library="mobile_keywords">
<doc>คลิกปุ่มเพิ่มรายการ (Add Todo Button)</doc>
<kw name="Wait Until Element Is Visible" library="AppiumLibrary">
<arg>${ADD_TODO_BUTTON}</arg>
<arg>timeout=10s</arg>
<doc>Waits until element specified with `locator` is visible.</doc>
<msg timestamp="20250803 22:04:59.323" level="INFO">criteria is com.avjindersinghsekhon.minimaltodo:id/addToDoItemFAB</msg>
<status status="PASS" starttime="20250803 22:04:58.744" endtime="20250803 22:04:59.323"/>
</kw>
<kw name="Click Element" library="AppiumLibrary">
<arg>${ADD_TODO_BUTTON}</arg>
<doc>Click element identified by `locator`.</doc>
<msg timestamp="20250803 22:04:59.324" level="INFO">Clicking element 'id=com.avjindersinghsekhon.minimaltodo:id/addToDoItemFAB'.</msg>
<msg timestamp="20250803 22:04:59.913" level="INFO">criteria is com.avjindersinghsekhon.minimaltodo:id/addToDoItemFAB</msg>
<status status="PASS" starttime="20250803 22:04:59.323" endtime="20250803 22:04:59.913"/>
</kw>
<status status="PASS" starttime="20250803 22:04:58.744" endtime="20250803 22:04:59.913"/>
</kw>
<kw name="Enter Todo Item" library="mobile_keywords">
<arg>Pay bills</arg>
<doc>ป้อนข้อความในรายการใหม่</doc>
<kw name="Wait Until Element Is Visible" library="AppiumLibrary">
<arg>${TODO_INPUT_FIELD}</arg>
<arg>timeout=10s</arg>
<doc>Waits until element specified with `locator` is visible.</doc>
<msg timestamp="20250803 22:05:01.472" level="INFO">xpath criteria: //*[@resource-id="com.avjindersinghsekhon.minimaltodo:id/userToDoEditText"]
xpath criteria: //*[@resource-id="com.avjindersinghsekhon.minimaltodo:id/userToDoEditText"]</msg>
<status status="PASS" starttime="20250803 22:04:59.914" endtime="20250803 22:05:01.472"/>
</kw>
<kw name="Input Text" library="AppiumLibrary">
<arg>${TODO_INPUT_FIELD}</arg>
<arg>${todo_item}</arg>
<doc>Types the given `text` into text field identified by `locator`.</doc>
<msg timestamp="20250803 22:05:01.474" level="INFO">Typing text 'Pay bills' into text field 'xpath=//*[@resource-id="com.avjindersinghsekhon.minimaltodo:id/userToDoEditText"]'</msg>
<msg timestamp="20250803 22:05:01.548" level="INFO">xpath criteria: //*[@resource-id="com.avjindersinghsekhon.minimaltodo:id/userToDoEditText"]</msg>
<status status="PASS" starttime="20250803 22:05:01.472" endtime="20250803 22:05:01.548"/>
</kw>
<kw name="Wait Until Element Is Visible" library="AppiumLibrary">
<arg>${SAVE_TODO_BUTTON}</arg>
<arg>timeout=10s</arg>
<doc>Waits until element specified with `locator` is visible.</doc>
<msg timestamp="20250803 22:05:02.330" level="INFO">xpath criteria: //*[@resource-id="com.avjindersinghsekhon.minimaltodo:id/makeToDoFloatingActionButton"]</msg>
<status status="PASS" starttime="20250803 22:05:01.549" endtime="20250803 22:05:02.330"/>
</kw>
<kw name="Click Element" library="AppiumLibrary">
<arg>${SAVE_TODO_BUTTON}</arg>
<doc>Click element identified by `locator`.</doc>
<msg timestamp="20250803 22:05:02.331" level="INFO">Clicking element 'xpath=//*[@resource-id="com.avjindersinghsekhon.minimaltodo:id/makeToDoFloatingActionButton"]'.</msg>
<msg timestamp="20250803 22:05:03.158" level="INFO">xpath criteria: //*[@resource-id="com.avjindersinghsekhon.minimaltodo:id/makeToDoFloatingActionButton"]</msg>
<status status="PASS" starttime="20250803 22:05:02.330" endtime="20250803 22:05:03.158"/>
</kw>
<status status="PASS" starttime="20250803 22:04:59.913" endtime="20250803 22:05:03.159"/>
</kw>
<kw name="Verify Todo Item Added" library="mobile_keywords">
<arg>Pay bills</arg>
<doc>ตรวจสอบว่ารายการใหม่ถูกเพิ่มเรียบร้อยแล้ว</doc>
<kw name="Set Variable" library="BuiltIn">
<var>${todo_xpath}</var>
<arg>xpath=//android.widget.TextView[@text="${todo_item}"]</arg>
<doc>Returns the given values which can then be assigned to a variables.</doc>
<msg timestamp="20250803 22:05:03.160" level="INFO">${todo_xpath} = xpath=//android.widget.TextView[@text="Pay bills"]</msg>
<status status="PASS" starttime="20250803 22:05:03.160" endtime="20250803 22:05:03.160"/>
</kw>
<kw name="Wait Until Element Is Visible" library="AppiumLibrary">
<arg>${todo_xpath}</arg>
<arg>timeout=10s</arg>
<doc>Waits until element specified with `locator` is visible.</doc>
<msg timestamp="20250803 22:05:03.742" level="INFO">xpath criteria: //android.widget.TextView[@text="Pay bills"]</msg>
<status status="PASS" starttime="20250803 22:05:03.160" endtime="20250803 22:05:03.742"/>
</kw>
<kw name="Element Should Be Visible" library="AppiumLibrary">
<arg>${todo_xpath}</arg>
<doc>Verifies that element identified with locator is visible.</doc>
<msg timestamp="20250803 22:05:03.874" level="INFO">xpath criteria: //android.widget.TextView[@text="Pay bills"]</msg>
<status status="PASS" starttime="20250803 22:05:03.742" endtime="20250803 22:05:03.874"/>
</kw>
<status status="PASS" starttime="20250803 22:05:03.159" endtime="20250803 22:05:03.874"/>
</kw>
<kw name="Verify Todo Item Exists" library="mobile_keywords">
<arg>Buy groceries</arg>
<doc>ตรวจสอบว่ารายการยังคงอยู่ในแอป</doc>
<kw name="Set Variable" library="BuiltIn">
<var>${todo_xpath}</var>
<arg>xpath=//android.widget.TextView[@text="${todo_item}"]</arg>
<doc>Returns the given values which can then be assigned to a variables.</doc>
<msg timestamp="20250803 22:05:03.875" level="INFO">${todo_xpath} = xpath=//android.widget.TextView[@text="Buy groceries"]</msg>
<status status="PASS" starttime="20250803 22:05:03.875" endtime="20250803 22:05:03.875"/>
</kw>
<kw name="Wait Until Element Is Visible" library="AppiumLibrary">
<arg>${todo_xpath}</arg>
<arg>timeout=10s</arg>
<doc>Waits until element specified with `locator` is visible.</doc>
<msg timestamp="20250803 22:05:03.986" level="INFO">xpath criteria: //android.widget.TextView[@text="Buy groceries"]</msg>
<status status="PASS" starttime="20250803 22:05:03.875" endtime="20250803 22:05:03.986"/>
</kw>
<kw name="Element Should Be Visible" library="AppiumLibrary">
<arg>${todo_xpath}</arg>
<doc>Verifies that element identified with locator is visible.</doc>
<msg timestamp="20250803 22:05:04.118" level="INFO">xpath criteria: //android.widget.TextView[@text="Buy groceries"]</msg>
<status status="PASS" starttime="20250803 22:05:03.986" endtime="20250803 22:05:04.119"/>
</kw>
<status status="PASS" starttime="20250803 22:05:03.875" endtime="20250803 22:05:04.119"/>
</kw>
<kw name="Verify Todo Item Exists" library="mobile_keywords">
<arg>Do laundry</arg>
<doc>ตรวจสอบว่ารายการยังคงอยู่ในแอป</doc>
<kw name="Set Variable" library="BuiltIn">
<var>${todo_xpath}</var>
<arg>xpath=//android.widget.TextView[@text="${todo_item}"]</arg>
<doc>Returns the given values which can then be assigned to a variables.</doc>
<msg timestamp="20250803 22:05:04.119" level="INFO">${todo_xpath} = xpath=//android.widget.TextView[@text="Do laundry"]</msg>
<status status="PASS" starttime="20250803 22:05:04.119" endtime="20250803 22:05:04.120"/>
</kw>
<kw name="Wait Until Element Is Visible" library="AppiumLibrary">
<arg>${todo_xpath}</arg>
<arg>timeout=10s</arg>
<doc>Waits until element specified with `locator` is visible.</doc>
<msg timestamp="20250803 22:05:04.257" level="INFO">xpath criteria: //android.widget.TextView[@text="Do laundry"]</msg>
<status status="PASS" starttime="20250803 22:05:04.120" endtime="20250803 22:05:04.257"/>
</kw>
<kw name="Element Should Be Visible" library="AppiumLibrary">
<arg>${todo_xpath}</arg>
<doc>Verifies that element identified with locator is visible.</doc>
<msg timestamp="20250803 22:05:04.396" level="INFO">xpath criteria: //android.widget.TextView[@text="Do laundry"]</msg>
<status status="PASS" starttime="20250803 22:05:04.257" endtime="20250803 22:05:04.396"/>
</kw>
<status status="PASS" starttime="20250803 22:05:04.119" endtime="20250803 22:05:04.397"/>
</kw>
<kw name="Verify Todo Item Exists" library="mobile_keywords">
<arg>Pay bills</arg>
<doc>ตรวจสอบว่ารายการยังคงอยู่ในแอป</doc>
<kw name="Set Variable" library="BuiltIn">
<var>${todo_xpath}</var>
<arg>xpath=//android.widget.TextView[@text="${todo_item}"]</arg>
<doc>Returns the given values which can then be assigned to a variables.</doc>
<msg timestamp="20250803 22:05:04.397" level="INFO">${todo_xpath} = xpath=//android.widget.TextView[@text="Pay bills"]</msg>
<status status="PASS" starttime="20250803 22:05:04.397" endtime="20250803 22:05:04.397"/>
</kw>
<kw name="Wait Until Element Is Visible" library="AppiumLibrary">
<arg>${todo_xpath}</arg>
<arg>timeout=10s</arg>
<doc>Waits until element specified with `locator` is visible.</doc>
<msg timestamp="20250803 22:05:04.540" level="INFO">xpath criteria: //android.widget.TextView[@text="Pay bills"]</msg>
<status status="PASS" starttime="20250803 22:05:04.397" endtime="20250803 22:05:04.540"/>
</kw>
<kw name="Element Should Be Visible" library="AppiumLibrary">
<arg>${todo_xpath}</arg>
<doc>Verifies that element identified with locator is visible.</doc>
<msg timestamp="20250803 22:05:04.636" level="INFO">xpath criteria: //android.widget.TextView[@text="Pay bills"]</msg>
<status status="PASS" starttime="20250803 22:05:04.541" endtime="20250803 22:05:04.636"/>
</kw>
<status status="PASS" starttime="20250803 22:05:04.397" endtime="20250803 22:05:04.637"/>
</kw>
<kw name="Close Minimal Todo App" library="mobile_keywords">
<doc>ปิดแอป Minimal Todo</doc>
<kw name="Close Application" library="AppiumLibrary">
<doc>Closes the current application and also close webdriver session.</doc>
<status status="PASS" starttime="20250803 22:05:04.637" endtime="20250803 22:05:05.767"/>
</kw>
<status status="PASS" starttime="20250803 22:05:04.637" endtime="20250803 22:05:05.767"/>
</kw>
<tag>Functional</tag>
<status status="PASS" starttime="20250803 22:04:48.059" endtime="20250803 22:05:05.767"/>
</test>
<test id="s1-t5" name="TC-005 Delete Multiple Todo Items" line="52">
<kw name="Start Minimal Todo App" library="mobile_keywords">
<doc>เปิดแอป Minimal Todo บน Emulator</doc>
<kw name="Open Application" library="AppiumLibrary">
<arg>${APPIUM_SERVER}</arg>
<arg>platformName=Android</arg>
<arg>appium:deviceName=${DEVICE_NAME}</arg>
<arg>appium:app=${APP_PATH}</arg>
<arg>appium:appPackage=${APP_PACKAGE}</arg>
<arg>appium:appActivity=${APP_ACTIVITY}</arg>
<arg>appium:automationName=${AUTOMATION_NAME}</arg>
<arg>autoGrantPermissions=true</arg>
<doc>Opens a new application to given Appium server.
Capabilities of appium server, Android and iOS,
Please check https://appium.io/docs/en/2.19/guides/caps/
| *Option*            | *Man.* | *Description*     |
| remote_url          | Yes    | Appium server url |
| alias               | No     | alias             |</doc>
<status status="PASS" starttime="20250803 22:05:05.769" endtime="20250803 22:05:10.857"/>
</kw>
<status status="PASS" starttime="20250803 22:05:05.769" endtime="20250803 22:05:10.857"/>
</kw>
<kw name="Click Add Todo Button" library="mobile_keywords">
<doc>คลิกปุ่มเพิ่มรายการ (Add Todo Button)</doc>
<kw name="Wait Until Element Is Visible" library="AppiumLibrary">
<arg>${ADD_TODO_BUTTON}</arg>
<arg>timeout=10s</arg>
<doc>Waits until element specified with `locator` is visible.</doc>
<msg timestamp="20250803 22:05:11.449" level="INFO">criteria is com.avjindersinghsekhon.minimaltodo:id/addToDoItemFAB</msg>
<status status="PASS" starttime="20250803 22:05:10.858" endtime="20250803 22:05:11.449"/>
</kw>
<kw name="Click Element" library="AppiumLibrary">
<arg>${ADD_TODO_BUTTON}</arg>
<doc>Click element identified by `locator`.</doc>
<msg timestamp="20250803 22:05:11.451" level="INFO">Clicking element 'id=com.avjindersinghsekhon.minimaltodo:id/addToDoItemFAB'.</msg>
<msg timestamp="20250803 22:05:11.569" level="INFO">criteria is com.avjindersinghsekhon.minimaltodo:id/addToDoItemFAB</msg>
<status status="PASS" starttime="20250803 22:05:11.449" endtime="20250803 22:05:11.569"/>
</kw>
<status status="PASS" starttime="20250803 22:05:10.857" endtime="20250803 22:05:11.569"/>
</kw>
<kw name="Enter Todo Item" library="mobile_keywords">
<arg>Task 1</arg>
<doc>ป้อนข้อความในรายการใหม่</doc>
<kw name="Wait Until Element Is Visible" library="AppiumLibrary">
<arg>${TODO_INPUT_FIELD}</arg>
<arg>timeout=10s</arg>
<doc>Waits until element specified with `locator` is visible.</doc>
<msg timestamp="20250803 22:05:12.227" level="INFO">xpath criteria: //*[@resource-id="com.avjindersinghsekhon.minimaltodo:id/userToDoEditText"]</msg>
<status status="PASS" starttime="20250803 22:05:11.570" endtime="20250803 22:05:12.227"/>
</kw>
<kw name="Input Text" library="AppiumLibrary">
<arg>${TODO_INPUT_FIELD}</arg>
<arg>${todo_item}</arg>
<doc>Types the given `text` into text field identified by `locator`.</doc>
<msg timestamp="20250803 22:05:12.228" level="INFO">Typing text 'Task 1' into text field 'xpath=//*[@resource-id="com.avjindersinghsekhon.minimaltodo:id/userToDoEditText"]'</msg>
<msg timestamp="20250803 22:05:12.551" level="INFO">xpath criteria: //*[@resource-id="com.avjindersinghsekhon.minimaltodo:id/userToDoEditText"]</msg>
<status status="PASS" starttime="20250803 22:05:12.227" endtime="20250803 22:05:12.552"/>
</kw>
<kw name="Wait Until Element Is Visible" library="AppiumLibrary">
<arg>${SAVE_TODO_BUTTON}</arg>
<arg>timeout=10s</arg>
<doc>Waits until element specified with `locator` is visible.</doc>
<msg timestamp="20250803 22:05:13.763" level="INFO">xpath criteria: //*[@resource-id="com.avjindersinghsekhon.minimaltodo:id/makeToDoFloatingActionButton"]</msg>
<status status="PASS" starttime="20250803 22:05:12.552" endtime="20250803 22:05:13.763"/>
</kw>
<kw name="Click Element" library="AppiumLibrary">
<arg>${SAVE_TODO_BUTTON}</arg>
<doc>Click element identified by `locator`.</doc>
<msg timestamp="20250803 22:05:13.764" level="INFO">Clicking element 'xpath=//*[@resource-id="com.avjindersinghsekhon.minimaltodo:id/makeToDoFloatingActionButton"]'.</msg>
<msg timestamp="20250803 22:05:14.699" level="INFO">xpath criteria: //*[@resource-id="com.avjindersinghsekhon.minimaltodo:id/makeToDoFloatingActionButton"]</msg>
<status status="PASS" starttime="20250803 22:05:13.763" endtime="20250803 22:05:14.699"/>
</kw>
<status status="PASS" starttime="20250803 22:05:11.570" endtime="20250803 22:05:14.699"/>
</kw>
<kw name="Click Add Todo Button" library="mobile_keywords">
<doc>คลิกปุ่มเพิ่มรายการ (Add Todo Button)</doc>
<kw name="Wait Until Element Is Visible" library="AppiumLibrary">
<arg>${ADD_TODO_BUTTON}</arg>
<arg>timeout=10s</arg>
<doc>Waits until element specified with `locator` is visible.</doc>
<msg timestamp="20250803 22:05:14.743" level="INFO">criteria is com.avjindersinghsekhon.minimaltodo:id/addToDoItemFAB</msg>
<status status="PASS" starttime="20250803 22:05:14.700" endtime="20250803 22:05:14.743"/>
</kw>
<kw name="Click Element" library="AppiumLibrary">
<arg>${ADD_TODO_BUTTON}</arg>
<doc>Click element identified by `locator`.</doc>
<msg timestamp="20250803 22:05:14.744" level="INFO">Clicking element 'id=com.avjindersinghsekhon.minimaltodo:id/addToDoItemFAB'.</msg>
<msg timestamp="20250803 22:05:15.694" level="INFO">criteria is com.avjindersinghsekhon.minimaltodo:id/addToDoItemFAB</msg>
<status status="PASS" starttime="20250803 22:05:14.743" endtime="20250803 22:05:15.694"/>
</kw>
<status status="PASS" starttime="20250803 22:05:14.699" endtime="20250803 22:05:15.694"/>
</kw>
<kw name="Enter Todo Item" library="mobile_keywords">
<arg>Task 2</arg>
<doc>ป้อนข้อความในรายการใหม่</doc>
<kw name="Wait Until Element Is Visible" library="AppiumLibrary">
<arg>${TODO_INPUT_FIELD}</arg>
<arg>timeout=10s</arg>
<doc>Waits until element specified with `locator` is visible.</doc>
<msg timestamp="20250803 22:05:15.965" level="INFO">xpath criteria: //*[@resource-id="com.avjindersinghsekhon.minimaltodo:id/userToDoEditText"]</msg>
<status status="PASS" starttime="20250803 22:05:15.695" endtime="20250803 22:05:15.965"/>
</kw>
<kw name="Input Text" library="AppiumLibrary">
<arg>${TODO_INPUT_FIELD}</arg>
<arg>${todo_item}</arg>
<doc>Types the given `text` into text field identified by `locator`.</doc>
<msg timestamp="20250803 22:05:15.967" level="INFO">Typing text 'Task 2' into text field 'xpath=//*[@resource-id="com.avjindersinghsekhon.minimaltodo:id/userToDoEditText"]'</msg>
<msg timestamp="20250803 22:05:17.363" level="INFO">xpath criteria: //*[@resource-id="com.avjindersinghsekhon.minimaltodo:id/userToDoEditText"]</msg>
<status status="PASS" starttime="20250803 22:05:15.965" endtime="20250803 22:05:17.363"/>
</kw>
<kw name="Wait Until Element Is Visible" library="AppiumLibrary">
<arg>${SAVE_TODO_BUTTON}</arg>
<arg>timeout=10s</arg>
<doc>Waits until element specified with `locator` is visible.</doc>
<msg timestamp="20250803 22:05:17.927" level="INFO">xpath criteria: //*[@resource-id="com.avjindersinghsekhon.minimaltodo:id/makeToDoFloatingActionButton"]</msg>
<status status="PASS" starttime="20250803 22:05:17.363" endtime="20250803 22:05:17.928"/>
</kw>
<kw name="Click Element" library="AppiumLibrary">
<arg>${SAVE_TODO_BUTTON}</arg>
<doc>Click element identified by `locator`.</doc>
<msg timestamp="20250803 22:05:17.930" level="INFO">Clicking element 'xpath=//*[@resource-id="com.avjindersinghsekhon.minimaltodo:id/makeToDoFloatingActionButton"]'.</msg>
<msg timestamp="20250803 22:05:18.815" level="INFO">xpath criteria: //*[@resource-id="com.avjindersinghsekhon.minimaltodo:id/makeToDoFloatingActionButton"]</msg>
<status status="PASS" starttime="20250803 22:05:17.928" endtime="20250803 22:05:18.815"/>
</kw>
<status status="PASS" starttime="20250803 22:05:15.694" endtime="20250803 22:05:18.815"/>
</kw>
<kw name="Click Add Todo Button" library="mobile_keywords">
<doc>คลิกปุ่มเพิ่มรายการ (Add Todo Button)</doc>
<kw name="Wait Until Element Is Visible" library="AppiumLibrary">
<arg>${ADD_TODO_BUTTON}</arg>
<arg>timeout=10s</arg>
<doc>Waits until element specified with `locator` is visible.</doc>
<msg timestamp="20250803 22:05:18.959" level="INFO">criteria is com.avjindersinghsekhon.minimaltodo:id/addToDoItemFAB</msg>
<status status="PASS" starttime="20250803 22:05:18.815" endtime="20250803 22:05:18.959"/>
</kw>
<kw name="Click Element" library="AppiumLibrary">
<arg>${ADD_TODO_BUTTON}</arg>
<doc>Click element identified by `locator`.</doc>
<msg timestamp="20250803 22:05:18.961" level="INFO">Clicking element 'id=com.avjindersinghsekhon.minimaltodo:id/addToDoItemFAB'.</msg>
<msg timestamp="20250803 22:05:20.076" level="INFO">criteria is com.avjindersinghsekhon.minimaltodo:id/addToDoItemFAB</msg>
<status status="PASS" starttime="20250803 22:05:18.959" endtime="20250803 22:05:20.076"/>
</kw>
<status status="PASS" starttime="20250803 22:05:18.815" endtime="20250803 22:05:20.076"/>
</kw>
<kw name="Enter Todo Item" library="mobile_keywords">
<arg>Task 3</arg>
<doc>ป้อนข้อความในรายการใหม่</doc>
<kw name="Wait Until Element Is Visible" library="AppiumLibrary">
<arg>${TODO_INPUT_FIELD}</arg>
<arg>timeout=10s</arg>
<doc>Waits until element specified with `locator` is visible.</doc>
<msg timestamp="20250803 22:05:21.390" level="INFO">xpath criteria: //*[@resource-id="com.avjindersinghsekhon.minimaltodo:id/userToDoEditText"]</msg>
<status status="PASS" starttime="20250803 22:05:20.077" endtime="20250803 22:05:21.391"/>
</kw>
<kw name="Input Text" library="AppiumLibrary">
<arg>${TODO_INPUT_FIELD}</arg>
<arg>${todo_item}</arg>
<doc>Types the given `text` into text field identified by `locator`.</doc>
<msg timestamp="20250803 22:05:21.392" level="INFO">Typing text 'Task 3' into text field 'xpath=//*[@resource-id="com.avjindersinghsekhon.minimaltodo:id/userToDoEditText"]'</msg>
<msg timestamp="20250803 22:05:21.459" level="INFO">xpath criteria: //*[@resource-id="com.avjindersinghsekhon.minimaltodo:id/userToDoEditText"]</msg>
<status status="PASS" starttime="20250803 22:05:21.391" endtime="20250803 22:05:21.459"/>
</kw>
<kw name="Wait Until Element Is Visible" library="AppiumLibrary">
<arg>${SAVE_TODO_BUTTON}</arg>
<arg>timeout=10s</arg>
<doc>Waits until element specified with `locator` is visible.</doc>
<msg timestamp="20250803 22:05:22.010" level="INFO">xpath criteria: //*[@resource-id="com.avjindersinghsekhon.minimaltodo:id/makeToDoFloatingActionButton"]</msg>
<status status="PASS" starttime="20250803 22:05:21.459" endtime="20250803 22:05:22.010"/>
</kw>
<kw name="Click Element" library="AppiumLibrary">
<arg>${SAVE_TODO_BUTTON}</arg>
<doc>Click element identified by `locator`.</doc>
<msg timestamp="20250803 22:05:22.012" level="INFO">Clicking element 'xpath=//*[@resource-id="com.avjindersinghsekhon.minimaltodo:id/makeToDoFloatingActionButton"]'.</msg>
<msg timestamp="20250803 22:05:22.259" level="INFO">xpath criteria: //*[@resource-id="com.avjindersinghsekhon.minimaltodo:id/makeToDoFloatingActionButton"]</msg>
<status status="PASS" starttime="20250803 22:05:22.010" endtime="20250803 22:05:22.259"/>
</kw>
<status status="PASS" starttime="20250803 22:05:20.077" endtime="20250803 22:05:22.259"/>
</kw>
<kw name="Delete Todo Item" library="mobile_keywords">
<arg>Task 1</arg>
<doc>ลบรายการที่ระบุโดยการปัดซ้าย (ลบเฉพาะ element ที่เลือก)</doc>
<kw name="Get Webelements" library="AppiumLibrary">
<var>${elements}</var>
<arg>xpath=//android.widget.TextView[@text="${todo_item}"]</arg>
<doc>Returns list of [http://selenium-python.readthedocs.io/api.html#module-selenium.webdriver.remote.webelement|WebElement] objects matching ``locator``.</doc>
<msg timestamp="20250803 22:05:23.262" level="INFO">xpath criteria: //android.widget.TextView[@text="Task 1"]</msg>
<msg timestamp="20250803 22:05:23.262" level="INFO">${elements} = [&lt;appium.webdriver.webelement.WebElement (session="c8c7cc96-a7bc-4f9f-8721-ab0f3edcd8b0", element="00000000-0000-0338-ffff-ffff00000032")&gt;]</msg>
<status status="PASS" starttime="20250803 22:05:22.260" endtime="20250803 22:05:23.262"/>
</kw>
<kw name="Get Length" library="BuiltIn">
<var>${initial_count}</var>
<arg>${elements}</arg>
<doc>Returns and logs the length of the given item as an integer.</doc>
<msg timestamp="20250803 22:05:23.263" level="INFO">Length is 1</msg>
<msg timestamp="20250803 22:05:23.263" level="INFO">${initial_count} = 1</msg>
<status status="PASS" starttime="20250803 22:05:23.262" endtime="20250803 22:05:23.263"/>
</kw>
<kw name="Swipe Todo Item Left" library="mobile_keywords">
<arg>${todo_item}</arg>
<doc>ปัดรายการไปทางซ้ายเพื่อลบ</doc>
<kw name="Set Variable" library="BuiltIn">
<var>${todo_xpath}</var>
<arg>xpath=//android.widget.TextView[@text="${todo_item}"]</arg>
<doc>Returns the given values which can then be assigned to a variables.</doc>
<msg timestamp="20250803 22:05:23.263" level="INFO">${todo_xpath} = xpath=//android.widget.TextView[@text="Task 1"]</msg>
<status status="PASS" starttime="20250803 22:05:23.263" endtime="20250803 22:05:23.263"/>
</kw>
<kw name="Wait Until Element Is Visible" library="AppiumLibrary">
<arg>${todo_xpath}</arg>
<arg>timeout=10s</arg>
<doc>Waits until element specified with `locator` is visible.</doc>
<msg timestamp="20250803 22:05:23.777" level="INFO">xpath criteria: //android.widget.TextView[@text="Task 1"]</msg>
<status status="PASS" starttime="20250803 22:05:23.263" endtime="20250803 22:05:23.777"/>
</kw>
<kw name="Get Webelement" library="AppiumLibrary">
<var>${element}</var>
<arg>${todo_xpath}</arg>
<doc>Returns the first [http://selenium-python.readthedocs.io/api.html#module-selenium.webdriver.remote.webelement|WebElement] object matching ``locator``.</doc>
<msg timestamp="20250803 22:05:24.330" level="INFO">xpath criteria: //android.widget.TextView[@text="Task 1"]</msg>
<msg timestamp="20250803 22:05:24.331" level="INFO">${element} = &lt;appium.webdriver.webelement.WebElement (session="c8c7cc96-a7bc-4f9f-8721-ab0f3edcd8b0", element="00000000-0000-0338-ffff-ffff00000032")&gt;</msg>
<status status="PASS" starttime="20250803 22:05:23.777" endtime="20250803 22:05:24.331"/>
</kw>
<kw name="Get Element Location" library="AppiumLibrary">
<var>${element_location}</var>
<arg>${todo_xpath}</arg>
<doc>Get element location</doc>
<msg timestamp="20250803 22:05:24.385" level="INFO">Element 'xpath=//android.widget.TextView[@text="Task 1"]' location: {'x': 231, 'y': 303} </msg>
<msg timestamp="20250803 22:05:24.385" level="INFO">xpath criteria: //android.widget.TextView[@text="Task 1"]</msg>
<msg timestamp="20250803 22:05:24.385" level="INFO">${element_location} = {'x': 231, 'y': 303}</msg>
<status status="PASS" starttime="20250803 22:05:24.331" endtime="20250803 22:05:24.385"/>
</kw>
<kw name="Get Element Size" library="AppiumLibrary">
<var>${element_size}</var>
<arg>${todo_xpath}</arg>
<doc>Get element size</doc>
<msg timestamp="20250803 22:05:24.440" level="INFO">Element 'xpath=//android.widget.TextView[@text="Task 1"]' size: {'height': 65, 'width': 849} </msg>
<msg timestamp="20250803 22:05:24.440" level="INFO">xpath criteria: //android.widget.TextView[@text="Task 1"]</msg>
<msg timestamp="20250803 22:05:24.440" level="INFO">${element_size} = {'height': 65, 'width': 849}</msg>
<status status="PASS" starttime="20250803 22:05:24.385" endtime="20250803 22:05:24.440"/>
</kw>
<kw name="Evaluate" library="BuiltIn">
<var>${start_x}</var>
<arg>${element_location['x']} + ${element_size['width']} * 0.8</arg>
<doc>Evaluates the given expression in Python and returns the result.</doc>
<msg timestamp="20250803 22:05:24.441" level="INFO">${start_x} = 910.2</msg>
<status status="PASS" starttime="20250803 22:05:24.440" endtime="20250803 22:05:24.441"/>
</kw>
<kw name="Evaluate" library="BuiltIn">
<var>${end_x}</var>
<arg>${element_location['x']} + ${element_size['width']} * 0.1</arg>
<doc>Evaluates the given expression in Python and returns the result.</doc>
<msg timestamp="20250803 22:05:24.442" level="INFO">${end_x} = 315.9</msg>
<status status="PASS" starttime="20250803 22:05:24.441" endtime="20250803 22:05:24.442"/>
</kw>
<kw name="Evaluate" library="BuiltIn">
<var>${y}</var>
<arg>${element_location['y']} + ${element_size['height']} * 0.5</arg>
<doc>Evaluates the given expression in Python and returns the result.</doc>
<msg timestamp="20250803 22:05:24.442" level="INFO">${y} = 335.5</msg>
<status status="PASS" starttime="20250803 22:05:24.442" endtime="20250803 22:05:24.442"/>
</kw>
<kw name="Swipe" library="AppiumLibrary">
<arg>start_x=${start_x}</arg>
<arg>start_y=${y}</arg>
<arg>end_x=${end_x}</arg>
<arg>end_y=${y}</arg>
<arg>duration=500ms</arg>
<doc>Swipe from one point to another point, for an optional duration.</doc>
<msg timestamp="20250803 22:05:24.443" level="WARN">Keyword 'Swipe' converts the values of 'start_x', 'start_y', 'end_x', 'end_y' to integer.</msg>
<msg timestamp="20250803 22:05:24.444" level="WARN">Keyword 'Swipe' converts the values of 'start_x', 'start_y', 'end_x', 'end_y' to integer.</msg>
<msg timestamp="20250803 22:05:24.445" level="WARN">Keyword 'Swipe' converts the values of 'start_x', 'start_y', 'end_x', 'end_y' to integer.</msg>
<msg timestamp="20250803 22:05:24.445" level="WARN">Keyword 'Swipe' converts the values of 'start_x', 'start_y', 'end_x', 'end_y' to integer.</msg>
<status status="PASS" starttime="20250803 22:05:24.443" endtime="20250803 22:05:25.543"/>
</kw>
<kw name="Sleep" library="BuiltIn">
<arg>2s</arg>
<doc>Pauses the test executed for the given time.</doc>
<msg timestamp="20250803 22:05:27.544" level="INFO">Slept 2 seconds</msg>
<status status="PASS" starttime="20250803 22:05:25.543" endtime="20250803 22:05:27.544"/>
</kw>
<status status="PASS" starttime="20250803 22:05:23.263" endtime="20250803 22:05:27.544"/>
</kw>
<status status="PASS" starttime="20250803 22:05:22.259" endtime="20250803 22:05:27.544"/>
</kw>
<kw name="Verify Todo Item Deleted" library="mobile_keywords">
<arg>Task 1</arg>
<doc>ตรวจสอบว่ารายการถูกลบเรียบร้อยแล้ว</doc>
<kw name="Set Variable" library="BuiltIn">
<var>${todo_xpath}</var>
<arg>xpath=//android.widget.TextView[@text="${todo_item}"]</arg>
<doc>Returns the given values which can then be assigned to a variables.</doc>
<msg timestamp="20250803 22:05:27.545" level="INFO">${todo_xpath} = xpath=//android.widget.TextView[@text="Task 1"]</msg>
<status status="PASS" starttime="20250803 22:05:27.545" endtime="20250803 22:05:27.545"/>
</kw>
<kw name="Wait Until Page Does Not Contain Element" library="AppiumLibrary">
<arg>${todo_xpath}</arg>
<arg>timeout=10s</arg>
<doc>Waits until element specified with `locator` disappears from current page.</doc>
<msg timestamp="20250803 22:05:27.752" level="INFO">xpath criteria: //android.widget.TextView[@text="Task 1"]</msg>
<status status="PASS" starttime="20250803 22:05:27.545" endtime="20250803 22:05:27.752"/>
</kw>
<status status="PASS" starttime="20250803 22:05:27.544" endtime="20250803 22:05:27.752"/>
</kw>
<kw name="Delete Todo Item" library="mobile_keywords">
<arg>Task 2</arg>
<doc>ลบรายการที่ระบุโดยการปัดซ้าย (ลบเฉพาะ element ที่เลือก)</doc>
<kw name="Get Webelements" library="AppiumLibrary">
<var>${elements}</var>
<arg>xpath=//android.widget.TextView[@text="${todo_item}"]</arg>
<doc>Returns list of [http://selenium-python.readthedocs.io/api.html#module-selenium.webdriver.remote.webelement|WebElement] objects matching ``locator``.</doc>
<msg timestamp="20250803 22:05:27.784" level="INFO">xpath criteria: //android.widget.TextView[@text="Task 2"]</msg>
<msg timestamp="20250803 22:05:27.784" level="INFO">${elements} = [&lt;appium.webdriver.webelement.WebElement (session="c8c7cc96-a7bc-4f9f-8721-ab0f3edcd8b0", element="00000000-0000-0338-ffff-ffff00000053")&gt;]</msg>
<status status="PASS" starttime="20250803 22:05:27.752" endtime="20250803 22:05:27.784"/>
</kw>
<kw name="Get Length" library="BuiltIn">
<var>${initial_count}</var>
<arg>${elements}</arg>
<doc>Returns and logs the length of the given item as an integer.</doc>
<msg timestamp="20250803 22:05:27.785" level="INFO">Length is 1</msg>
<msg timestamp="20250803 22:05:27.785" level="INFO">${initial_count} = 1</msg>
<status status="PASS" starttime="20250803 22:05:27.784" endtime="20250803 22:05:27.785"/>
</kw>
<kw name="Swipe Todo Item Left" library="mobile_keywords">
<arg>${todo_item}</arg>
<doc>ปัดรายการไปทางซ้ายเพื่อลบ</doc>
<kw name="Set Variable" library="BuiltIn">
<var>${todo_xpath}</var>
<arg>xpath=//android.widget.TextView[@text="${todo_item}"]</arg>
<doc>Returns the given values which can then be assigned to a variables.</doc>
<msg timestamp="20250803 22:05:27.785" level="INFO">${todo_xpath} = xpath=//android.widget.TextView[@text="Task 2"]</msg>
<status status="PASS" starttime="20250803 22:05:27.785" endtime="20250803 22:05:27.785"/>
</kw>
<kw name="Wait Until Element Is Visible" library="AppiumLibrary">
<arg>${todo_xpath}</arg>
<arg>timeout=10s</arg>
<doc>Waits until element specified with `locator` is visible.</doc>
<msg timestamp="20250803 22:05:27.828" level="INFO">xpath criteria: //android.widget.TextView[@text="Task 2"]</msg>
<status status="PASS" starttime="20250803 22:05:27.785" endtime="20250803 22:05:27.828"/>
</kw>
<kw name="Get Webelement" library="AppiumLibrary">
<var>${element}</var>
<arg>${todo_xpath}</arg>
<doc>Returns the first [http://selenium-python.readthedocs.io/api.html#module-selenium.webdriver.remote.webelement|WebElement] object matching ``locator``.</doc>
<msg timestamp="20250803 22:05:27.857" level="INFO">xpath criteria: //android.widget.TextView[@text="Task 2"]</msg>
<msg timestamp="20250803 22:05:27.857" level="INFO">${element} = &lt;appium.webdriver.webelement.WebElement (session="c8c7cc96-a7bc-4f9f-8721-ab0f3edcd8b0", element="00000000-0000-0338-ffff-ffff00000053")&gt;</msg>
<status status="PASS" starttime="20250803 22:05:27.829" endtime="20250803 22:05:27.857"/>
</kw>
<kw name="Get Element Location" library="AppiumLibrary">
<var>${element_location}</var>
<arg>${todo_xpath}</arg>
<doc>Get element location</doc>
<msg timestamp="20250803 22:05:27.913" level="INFO">Element 'xpath=//android.widget.TextView[@text="Task 2"]' location: {'x': 231, 'y': 303} </msg>
<msg timestamp="20250803 22:05:27.914" level="INFO">xpath criteria: //android.widget.TextView[@text="Task 2"]</msg>
<msg timestamp="20250803 22:05:27.914" level="INFO">${element_location} = {'x': 231, 'y': 303}</msg>
<status status="PASS" starttime="20250803 22:05:27.857" endtime="20250803 22:05:27.914"/>
</kw>
<kw name="Get Element Size" library="AppiumLibrary">
<var>${element_size}</var>
<arg>${todo_xpath}</arg>
<doc>Get element size</doc>
<msg timestamp="20250803 22:05:27.967" level="INFO">Element 'xpath=//android.widget.TextView[@text="Task 2"]' size: {'height': 65, 'width': 849} </msg>
<msg timestamp="20250803 22:05:27.967" level="INFO">xpath criteria: //android.widget.TextView[@text="Task 2"]</msg>
<msg timestamp="20250803 22:05:27.967" level="INFO">${element_size} = {'height': 65, 'width': 849}</msg>
<status status="PASS" starttime="20250803 22:05:27.914" endtime="20250803 22:05:27.967"/>
</kw>
<kw name="Evaluate" library="BuiltIn">
<var>${start_x}</var>
<arg>${element_location['x']} + ${element_size['width']} * 0.8</arg>
<doc>Evaluates the given expression in Python and returns the result.</doc>
<msg timestamp="20250803 22:05:27.968" level="INFO">${start_x} = 910.2</msg>
<status status="PASS" starttime="20250803 22:05:27.967" endtime="20250803 22:05:27.968"/>
</kw>
<kw name="Evaluate" library="BuiltIn">
<var>${end_x}</var>
<arg>${element_location['x']} + ${element_size['width']} * 0.1</arg>
<doc>Evaluates the given expression in Python and returns the result.</doc>
<msg timestamp="20250803 22:05:27.968" level="INFO">${end_x} = 315.9</msg>
<status status="PASS" starttime="20250803 22:05:27.968" endtime="20250803 22:05:27.968"/>
</kw>
<kw name="Evaluate" library="BuiltIn">
<var>${y}</var>
<arg>${element_location['y']} + ${element_size['height']} * 0.5</arg>
<doc>Evaluates the given expression in Python and returns the result.</doc>
<msg timestamp="20250803 22:05:27.969" level="INFO">${y} = 335.5</msg>
<status status="PASS" starttime="20250803 22:05:27.969" endtime="20250803 22:05:27.969"/>
</kw>
<kw name="Swipe" library="AppiumLibrary">
<arg>start_x=${start_x}</arg>
<arg>start_y=${y}</arg>
<arg>end_x=${end_x}</arg>
<arg>end_y=${y}</arg>
<arg>duration=500ms</arg>
<doc>Swipe from one point to another point, for an optional duration.</doc>
<msg timestamp="20250803 22:05:27.971" level="WARN">Keyword 'Swipe' converts the values of 'start_x', 'start_y', 'end_x', 'end_y' to integer.</msg>
<msg timestamp="20250803 22:05:27.972" level="WARN">Keyword 'Swipe' converts the values of 'start_x', 'start_y', 'end_x', 'end_y' to integer.</msg>
<msg timestamp="20250803 22:05:27.972" level="WARN">Keyword 'Swipe' converts the values of 'start_x', 'start_y', 'end_x', 'end_y' to integer.</msg>
<msg timestamp="20250803 22:05:27.973" level="WARN">Keyword 'Swipe' converts the values of 'start_x', 'start_y', 'end_x', 'end_y' to integer.</msg>
<status status="PASS" starttime="20250803 22:05:27.970" endtime="20250803 22:05:28.996"/>
</kw>
<kw name="Sleep" library="BuiltIn">
<arg>2s</arg>
<doc>Pauses the test executed for the given time.</doc>
<msg timestamp="20250803 22:05:30.996" level="INFO">Slept 2 seconds</msg>
<status status="PASS" starttime="20250803 22:05:28.996" endtime="20250803 22:05:30.996"/>
</kw>
<status status="PASS" starttime="20250803 22:05:27.785" endtime="20250803 22:05:30.996"/>
</kw>
<status status="PASS" starttime="20250803 22:05:27.752" endtime="20250803 22:05:30.997"/>
</kw>
<kw name="Verify Todo Item Deleted" library="mobile_keywords">
<arg>Task 2</arg>
<doc>ตรวจสอบว่ารายการถูกลบเรียบร้อยแล้ว</doc>
<kw name="Set Variable" library="BuiltIn">
<var>${todo_xpath}</var>
<arg>xpath=//android.widget.TextView[@text="${todo_item}"]</arg>
<doc>Returns the given values which can then be assigned to a variables.</doc>
<msg timestamp="20250803 22:05:30.997" level="INFO">${todo_xpath} = xpath=//android.widget.TextView[@text="Task 2"]</msg>
<status status="PASS" starttime="20250803 22:05:30.997" endtime="20250803 22:05:30.997"/>
</kw>
<kw name="Wait Until Page Does Not Contain Element" library="AppiumLibrary">
<arg>${todo_xpath}</arg>
<arg>timeout=10s</arg>
<doc>Waits until element specified with `locator` disappears from current page.</doc>
<msg timestamp="20250803 22:05:31.251" level="INFO">xpath criteria: //android.widget.TextView[@text="Task 2"]</msg>
<status status="PASS" starttime="20250803 22:05:30.998" endtime="20250803 22:05:31.251"/>
</kw>
<status status="PASS" starttime="20250803 22:05:30.997" endtime="20250803 22:05:31.252"/>
</kw>
<kw name="Delete Todo Item" library="mobile_keywords">
<arg>Task 3</arg>
<doc>ลบรายการที่ระบุโดยการปัดซ้าย (ลบเฉพาะ element ที่เลือก)</doc>
<kw name="Get Webelements" library="AppiumLibrary">
<var>${elements}</var>
<arg>xpath=//android.widget.TextView[@text="${todo_item}"]</arg>
<doc>Returns list of [http://selenium-python.readthedocs.io/api.html#module-selenium.webdriver.remote.webelement|WebElement] objects matching ``locator``.</doc>
<msg timestamp="20250803 22:05:31.281" level="INFO">xpath criteria: //android.widget.TextView[@text="Task 3"]</msg>
<msg timestamp="20250803 22:05:31.281" level="INFO">${elements} = [&lt;appium.webdriver.webelement.WebElement (session="c8c7cc96-a7bc-4f9f-8721-ab0f3edcd8b0", element="00000000-0000-0338-ffff-ffff00000074")&gt;]</msg>
<status status="PASS" starttime="20250803 22:05:31.252" endtime="20250803 22:05:31.281"/>
</kw>
<kw name="Get Length" library="BuiltIn">
<var>${initial_count}</var>
<arg>${elements}</arg>
<doc>Returns and logs the length of the given item as an integer.</doc>
<msg timestamp="20250803 22:05:31.281" level="INFO">Length is 1</msg>
<msg timestamp="20250803 22:05:31.281" level="INFO">${initial_count} = 1</msg>
<status status="PASS" starttime="20250803 22:05:31.281" endtime="20250803 22:05:31.281"/>
</kw>
<kw name="Swipe Todo Item Left" library="mobile_keywords">
<arg>${todo_item}</arg>
<doc>ปัดรายการไปทางซ้ายเพื่อลบ</doc>
<kw name="Set Variable" library="BuiltIn">
<var>${todo_xpath}</var>
<arg>xpath=//android.widget.TextView[@text="${todo_item}"]</arg>
<doc>Returns the given values which can then be assigned to a variables.</doc>
<msg timestamp="20250803 22:05:31.282" level="INFO">${todo_xpath} = xpath=//android.widget.TextView[@text="Task 3"]</msg>
<status status="PASS" starttime="20250803 22:05:31.282" endtime="20250803 22:05:31.282"/>
</kw>
<kw name="Wait Until Element Is Visible" library="AppiumLibrary">
<arg>${todo_xpath}</arg>
<arg>timeout=10s</arg>
<doc>Waits until element specified with `locator` is visible.</doc>
<msg timestamp="20250803 22:05:31.340" level="INFO">xpath criteria: //android.widget.TextView[@text="Task 3"]</msg>
<status status="PASS" starttime="20250803 22:05:31.282" endtime="20250803 22:05:31.340"/>
</kw>
<kw name="Get Webelement" library="AppiumLibrary">
<var>${element}</var>
<arg>${todo_xpath}</arg>
<doc>Returns the first [http://selenium-python.readthedocs.io/api.html#module-selenium.webdriver.remote.webelement|WebElement] object matching ``locator``.</doc>
<msg timestamp="20250803 22:05:31.371" level="INFO">xpath criteria: //android.widget.TextView[@text="Task 3"]</msg>
<msg timestamp="20250803 22:05:31.371" level="INFO">${element} = &lt;appium.webdriver.webelement.WebElement (session="c8c7cc96-a7bc-4f9f-8721-ab0f3edcd8b0", element="00000000-0000-0338-ffff-ffff00000074")&gt;</msg>
<status status="PASS" starttime="20250803 22:05:31.340" endtime="20250803 22:05:31.371"/>
</kw>
<kw name="Get Element Location" library="AppiumLibrary">
<var>${element_location}</var>
<arg>${todo_xpath}</arg>
<doc>Get element location</doc>
<msg timestamp="20250803 22:05:31.420" level="INFO">Element 'xpath=//android.widget.TextView[@text="Task 3"]' location: {'x': 231, 'y': 303} </msg>
<msg timestamp="20250803 22:05:31.420" level="INFO">xpath criteria: //android.widget.TextView[@text="Task 3"]</msg>
<msg timestamp="20250803 22:05:31.420" level="INFO">${element_location} = {'x': 231, 'y': 303}</msg>
<status status="PASS" starttime="20250803 22:05:31.371" endtime="20250803 22:05:31.420"/>
</kw>
<kw name="Get Element Size" library="AppiumLibrary">
<var>${element_size}</var>
<arg>${todo_xpath}</arg>
<doc>Get element size</doc>
<msg timestamp="20250803 22:05:31.467" level="INFO">Element 'xpath=//android.widget.TextView[@text="Task 3"]' size: {'height': 65, 'width': 849} </msg>
<msg timestamp="20250803 22:05:31.467" level="INFO">xpath criteria: //android.widget.TextView[@text="Task 3"]</msg>
<msg timestamp="20250803 22:05:31.468" level="INFO">${element_size} = {'height': 65, 'width': 849}</msg>
<status status="PASS" starttime="20250803 22:05:31.420" endtime="20250803 22:05:31.468"/>
</kw>
<kw name="Evaluate" library="BuiltIn">
<var>${start_x}</var>
<arg>${element_location['x']} + ${element_size['width']} * 0.8</arg>
<doc>Evaluates the given expression in Python and returns the result.</doc>
<msg timestamp="20250803 22:05:31.468" level="INFO">${start_x} = 910.2</msg>
<status status="PASS" starttime="20250803 22:05:31.468" endtime="20250803 22:05:31.468"/>
</kw>
<kw name="Evaluate" library="BuiltIn">
<var>${end_x}</var>
<arg>${element_location['x']} + ${element_size['width']} * 0.1</arg>
<doc>Evaluates the given expression in Python and returns the result.</doc>
<msg timestamp="20250803 22:05:31.469" level="INFO">${end_x} = 315.9</msg>
<status status="PASS" starttime="20250803 22:05:31.468" endtime="20250803 22:05:31.469"/>
</kw>
<kw name="Evaluate" library="BuiltIn">
<var>${y}</var>
<arg>${element_location['y']} + ${element_size['height']} * 0.5</arg>
<doc>Evaluates the given expression in Python and returns the result.</doc>
<msg timestamp="20250803 22:05:31.470" level="INFO">${y} = 335.5</msg>
<status status="PASS" starttime="20250803 22:05:31.469" endtime="20250803 22:05:31.470"/>
</kw>
<kw name="Swipe" library="AppiumLibrary">
<arg>start_x=${start_x}</arg>
<arg>start_y=${y}</arg>
<arg>end_x=${end_x}</arg>
<arg>end_y=${y}</arg>
<arg>duration=500ms</arg>
<doc>Swipe from one point to another point, for an optional duration.</doc>
<msg timestamp="20250803 22:05:31.471" level="WARN">Keyword 'Swipe' converts the values of 'start_x', 'start_y', 'end_x', 'end_y' to integer.</msg>
<msg timestamp="20250803 22:05:31.471" level="WARN">Keyword 'Swipe' converts the values of 'start_x', 'start_y', 'end_x', 'end_y' to integer.</msg>
<msg timestamp="20250803 22:05:31.472" level="WARN">Keyword 'Swipe' converts the values of 'start_x', 'start_y', 'end_x', 'end_y' to integer.</msg>
<msg timestamp="20250803 22:05:31.472" level="WARN">Keyword 'Swipe' converts the values of 'start_x', 'start_y', 'end_x', 'end_y' to integer.</msg>
<status status="PASS" starttime="20250803 22:05:31.470" endtime="20250803 22:05:32.561"/>
</kw>
<kw name="Sleep" library="BuiltIn">
<arg>2s</arg>
<doc>Pauses the test executed for the given time.</doc>
<msg timestamp="20250803 22:05:34.562" level="INFO">Slept 2 seconds</msg>
<status status="PASS" starttime="20250803 22:05:32.561" endtime="20250803 22:05:34.562"/>
</kw>
<status status="PASS" starttime="20250803 22:05:31.281" endtime="20250803 22:05:34.562"/>
</kw>
<status status="PASS" starttime="20250803 22:05:31.252" endtime="20250803 22:05:34.562"/>
</kw>
<kw name="Verify Todo Item Deleted" library="mobile_keywords">
<arg>Task 3</arg>
<doc>ตรวจสอบว่ารายการถูกลบเรียบร้อยแล้ว</doc>
<kw name="Set Variable" library="BuiltIn">
<var>${todo_xpath}</var>
<arg>xpath=//android.widget.TextView[@text="${todo_item}"]</arg>
<doc>Returns the given values which can then be assigned to a variables.</doc>
<msg timestamp="20250803 22:05:34.563" level="INFO">${todo_xpath} = xpath=//android.widget.TextView[@text="Task 3"]</msg>
<status status="PASS" starttime="20250803 22:05:34.563" endtime="20250803 22:05:34.563"/>
</kw>
[...]
<status status="PASS" starttime="20250803 22:08:21.146" endtime="20250803 22:08:21.340"/>
</kw>
<kw name="Sleep" library="BuiltIn">
<arg>3s</arg>
<doc>Pauses the test executed for the given time.</doc>
<msg timestamp="20250803 22:08:24.341" level="INFO">Slept 3 seconds</msg>
<status status="PASS" starttime="20250803 22:08:21.341" endtime="20250803 22:08:24.341"/>
</kw>
<status status="PASS" starttime="20250803 22:08:21.146" endtime="20250803 22:08:24.342"/>
</kw>
<kw name="Sleep" library="BuiltIn">
<arg>3s</arg>
<doc>Pauses the test executed for the given time.</doc>
<msg timestamp="20250803 22:08:27.342" level="INFO">Slept 3 seconds</msg>
<status status="PASS" starttime="20250803 22:08:24.342" endtime="20250803 22:08:27.343"/>
</kw>
<kw name="Wait Until Element Is Visible" library="AppiumLibrary">
<arg>//android.view.View[@content-desc="${date} August 2025"]</arg>
<doc>Waits until element specified with `locator` is visible.</doc>
<msg timestamp="20250803 22:08:27.429" level="INFO">xpath criteria: //android.view.View[@content-desc="27 August 2025"]</msg>
<status status="PASS" starttime="20250803 22:08:27.343" endtime="20250803 22:08:27.429"/>
</kw>
<kw name="Click Element" library="AppiumLibrary">
<arg>//android.view.View[@content-desc="${date} August 2025"]</arg>
<doc>Click element identified by `locator`.</doc>
<msg timestamp="20250803 22:08:27.430" level="INFO">Clicking element '//android.view.View[@content-desc="27 August 2025"]'.</msg>
<msg timestamp="20250803 22:08:28.147" level="INFO">xpath criteria: //android.view.View[@content-desc="27 August 2025"]</msg>
<status status="PASS" starttime="20250803 22:08:27.429" endtime="20250803 22:08:28.147"/>
</kw>
<kw name="Click Ok Button For Date" library="mobile_keywords">
<doc>คลิกปุ่ม OK หลังจากเลือกวันที่</doc>
<kw name="Click Element" library="AppiumLibrary">
<arg>xpath=//android.widget.Button[@resource-id="com.avjindersinghsekhon.minimaltodo:id/ok"]</arg>
<doc>Click element identified by `locator`.</doc>
<msg timestamp="20250803 22:08:28.149" level="INFO">Clicking element 'xpath=//android.widget.Button[@resource-id="com.avjindersinghsekhon.minimaltodo:id/ok"]'.</msg>
<msg timestamp="20250803 22:08:28.295" level="INFO">xpath criteria: //android.widget.Button[@resource-id="com.avjindersinghsekhon.minimaltodo:id/ok"]</msg>
<status status="PASS" starttime="20250803 22:08:28.148" endtime="20250803 22:08:28.295"/>
</kw>
<status status="PASS" starttime="20250803 22:08:28.148" endtime="20250803 22:08:28.295"/>
</kw>
<status status="PASS" starttime="20250803 22:08:21.146" endtime="20250803 22:08:28.295"/>
</kw>
<kw name="Select Todo Time" library="mobile_keywords">
<doc>เลือกเวลาในฟอร์แมตชั่วโมง นาที และช่วงเวลา AM/PM</doc>
<kw name="Wait Until Element Is Visible" library="AppiumLibrary">
<arg>//android.widget.EditText[@resource-id="com.avjindersinghsekhon.minimaltodo:id/newTodoTimeEditText"]</arg>
<doc>Waits until element specified with `locator` is visible.</doc>
<msg timestamp="20250803 22:08:28.949" level="INFO">xpath criteria: //android.widget.EditText[@resource-id="com.avjindersinghsekhon.minimaltodo:id/newTodoTimeEditText"]</msg>
<status status="PASS" starttime="20250803 22:08:28.295" endtime="20250803 22:08:28.949"/>
</kw>
<kw name="Click Element" library="AppiumLibrary">
<arg>//android.widget.EditText[@resource-id="com.avjindersinghsekhon.minimaltodo:id/newTodoTimeEditText"]</arg>
<doc>Click element identified by `locator`.</doc>
<msg timestamp="20250803 22:08:28.951" level="INFO">Clicking element '//android.widget.EditText[@resource-id="com.avjindersinghsekhon.minimaltodo:id/newTodoTimeEditText"]'.</msg>
<msg timestamp="20250803 22:08:29.141" level="INFO">xpath criteria: //android.widget.EditText[@resource-id="com.avjindersinghsekhon.minimaltodo:id/newTodoTimeEditText"]</msg>
<status status="PASS" starttime="20250803 22:08:28.950" endtime="20250803 22:08:29.141"/>
</kw>
<kw name="Tap With Positions" library="AppiumLibrary">
<arg>[[661, 891]]</arg>
<doc>Taps on a particular place with up to five fingers, holding for a
certain time</doc>
<status status="PASS" starttime="20250803 22:08:29.141" endtime="20250803 22:08:29.156"/>
</kw>
<kw name="Tap With Positions" library="AppiumLibrary">
<arg>[[661, 891]]</arg>
<doc>Taps on a particular place with up to five fingers, holding for a
certain time</doc>
<status status="PASS" starttime="20250803 22:08:29.156" endtime="20250803 22:08:29.168"/>
</kw>
<kw name="Click Ok Button For Time" library="mobile_keywords">
<doc>กดปุ่ม OK หลังจากเลือกเวลาใน Time Picker</doc>
<kw name="Wait Until Element Is Visible" library="AppiumLibrary">
<arg>xpath=//android.widget.Button[@text="OK"]</arg>
<arg>timeout=15s</arg>
<doc>Waits until element specified with `locator` is visible.</doc>
<msg timestamp="20250803 22:08:30.257" level="INFO">xpath criteria: //android.widget.Button[@text="OK"]</msg>
<status status="PASS" starttime="20250803 22:08:29.169" endtime="20250803 22:08:30.257"/>
</kw>
<kw name="Click Element" library="AppiumLibrary">
<arg>xpath=//android.widget.Button[@text="OK"]</arg>
<doc>Click element identified by `locator`.</doc>
<msg timestamp="20250803 22:08:30.259" level="INFO">Clicking element 'xpath=//android.widget.Button[@text="OK"]'.</msg>
<msg timestamp="20250803 22:08:30.993" level="INFO">xpath criteria: //android.widget.Button[@text="OK"]</msg>
<status status="PASS" starttime="20250803 22:08:30.257" endtime="20250803 22:08:30.993"/>
</kw>
<kw name="Wait Until Page Does Not Contain Element" library="AppiumLibrary">
<arg>xpath=//android.widget.Button[@text="OK"]</arg>
<arg>timeout=10s</arg>
<doc>Waits until element specified with `locator` disappears from current page.</doc>
<msg timestamp="20250803 22:08:31.042" level="INFO">xpath criteria: //android.widget.Button[@text="OK"]</msg>
<status status="PASS" starttime="20250803 22:08:30.993" endtime="20250803 22:08:31.042"/>
</kw>
<status status="PASS" starttime="20250803 22:08:29.168" endtime="20250803 22:08:31.042"/>
</kw>
<status status="PASS" starttime="20250803 22:08:28.295" endtime="20250803 22:08:31.042"/>
</kw>
<kw name="Verify Date And Time" library="mobile_keywords">
<arg>27 Aug, 2025</arg>
<doc>ตรวจสอบวันที่และเวลาที่แสดงในฟอร์ม</doc>
<kw name="Get Text" library="AppiumLibrary">
<var>${actual_date}</var>
<arg>//android.widget.EditText[@resource-id="com.avjindersinghsekhon.minimaltodo:id/newTodoDateEditText"]</arg>
<doc>Get element text (for hybrid and mobile browser use `xpath` locator, others might cause problem)</doc>
<msg timestamp="20250803 22:08:31.116" level="INFO">Element '//android.widget.EditText[@resource-id="com.avjindersinghsekhon.minimaltodo:id/newTodoDateEditText"]' text is '27 Aug, 2025' </msg>
<msg timestamp="20250803 22:08:31.116" level="INFO">xpath criteria: //android.widget.EditText[@resource-id="com.avjindersinghsekhon.minimaltodo:id/newTodoDateEditText"]</msg>
<msg timestamp="20250803 22:08:31.116" level="INFO">${actual_date} = 27 Aug, 2025</msg>
<status status="PASS" starttime="20250803 22:08:31.043" endtime="20250803 22:08:31.116"/>
</kw>
<kw name="Should Be Equal" library="BuiltIn">
<arg>${actual_date}</arg>
<arg>${expected_date}</arg>
<doc>Fails if the given objects are unequal.</doc>
<status status="PASS" starttime="20250803 22:08:31.116" endtime="20250803 22:08:31.116"/>
</kw>
<status status="PASS" starttime="20250803 22:08:31.042" endtime="20250803 22:08:31.117"/>
</kw>
<kw name="Wait Until Element Is Visible" library="AppiumLibrary">
<arg>${SAVE_TODO_BUTTON}</arg>
<arg>timeout=10s</arg>
<doc>Waits until element specified with `locator` is visible.</doc>
<msg timestamp="20250803 22:08:31.169" level="INFO">xpath criteria: //*[@resource-id="com.avjindersinghsekhon.minimaltodo:id/makeToDoFloatingActionButton"]</msg>
<status status="PASS" starttime="20250803 22:08:31.117" endtime="20250803 22:08:31.169"/>
</kw>
<kw name="Click Element" library="AppiumLibrary">
<arg>${SAVE_TODO_BUTTON}</arg>
<doc>Click element identified by `locator`.</doc>
<msg timestamp="20250803 22:08:31.170" level="INFO">Clicking element 'xpath=//*[@resource-id="com.avjindersinghsekhon.minimaltodo:id/makeToDoFloatingActionButton"]'.</msg>
<msg timestamp="20250803 22:08:31.320" level="INFO">xpath criteria: //*[@resource-id="com.avjindersinghsekhon.minimaltodo:id/makeToDoFloatingActionButton"]</msg>
<status status="PASS" starttime="20250803 22:08:31.169" endtime="20250803 22:08:31.320"/>
</kw>
<kw name="Verify Todo Item Added" library="mobile_keywords">
<arg>${todo_item}</arg>
<doc>ตรวจสอบว่ารายการใหม่ถูกเพิ่มเรียบร้อยแล้ว</doc>
<kw name="Set Variable" library="BuiltIn">
<var>${todo_xpath}</var>
<arg>xpath=//android.widget.TextView[@text="${todo_item}"]</arg>
<doc>Returns the given values which can then be assigned to a variables.</doc>
<msg timestamp="20250803 22:08:31.321" level="INFO">${todo_xpath} = xpath=//android.widget.TextView[@text="Meeting with Client"]</msg>
<status status="PASS" starttime="20250803 22:08:31.321" endtime="20250803 22:08:31.321"/>
</kw>
<kw name="Wait Until Element Is Visible" library="AppiumLibrary">
<arg>${todo_xpath}</arg>
<arg>timeout=10s</arg>
<doc>Waits until element specified with `locator` is visible.</doc>
<msg timestamp="20250803 22:08:33.294" level="INFO">xpath criteria: //android.widget.TextView[@text="Meeting with Client"]
xpath criteria: //android.widget.TextView[@text="Meeting with Client"]</msg>
<status status="PASS" starttime="20250803 22:08:31.321" endtime="20250803 22:08:33.295"/>
</kw>
<kw name="Element Should Be Visible" library="AppiumLibrary">
<arg>${todo_xpath}</arg>
<doc>Verifies that element identified with locator is visible.</doc>
<msg timestamp="20250803 22:08:33.462" level="INFO">xpath criteria: //android.widget.TextView[@text="Meeting with Client"]</msg>
<status status="PASS" starttime="20250803 22:08:33.295" endtime="20250803 22:08:33.462"/>
</kw>
<status status="PASS" starttime="20250803 22:08:31.320" endtime="20250803 22:08:33.462"/>
</kw>
<status status="PASS" starttime="20250803 22:08:16.604" endtime="20250803 22:08:33.462"/>
</kw>
<kw name="Close Minimal Todo App" library="mobile_keywords">
<doc>ปิดแอป Minimal Todo</doc>
<kw name="Close Application" library="AppiumLibrary">
<doc>Closes the current application and also close webdriver session.</doc>
<status status="PASS" starttime="20250803 22:08:33.463" endtime="20250803 22:08:34.458"/>
</kw>
<status status="PASS" starttime="20250803 22:08:33.462" endtime="20250803 22:08:34.458"/>
</kw>
<tag>Functional</tag>
<status status="PASS" starttime="20250803 22:08:12.697" endtime="20250803 22:08:34.459"/>
</test>
<status status="PASS" starttime="20250803 22:04:22.964" endtime="20250803 22:08:34.461"/>
</suite>
<statistics>
<total>
<stat pass="14" fail="0" skip="0">All Tests</stat>
</total>
<tag>
<stat pass="9" fail="0" skip="0">Functional</stat>
<stat pass="2" fail="0" skip="0">Negative</stat>
<stat pass="1" fail="0" skip="0">Performance</stat>
<stat pass="1" fail="0" skip="0">Smoke</stat>
</tag>
<suite>
<stat pass="14" fail="0" skip="0" id="s1" name="Minimal-Todo-Tests">Minimal-Todo-Tests</stat>
</suite>
</statistics>
<errors>
<msg timestamp="20250803 22:04:44.566" level="WARN">Keyword 'Swipe' converts the values of 'start_x', 'start_y', 'end_x', 'end_y' to integer.</msg>
<msg timestamp="20250803 22:04:44.567" level="WARN">Keyword 'Swipe' converts the values of 'start_x', 'start_y', 'end_x', 'end_y' to integer.</msg>
<msg timestamp="20250803 22:04:44.567" level="WARN">Keyword 'Swipe' converts the values of 'start_x', 'start_y', 'end_x', 'end_y' to integer.</msg>
<msg timestamp="20250803 22:04:44.568" level="WARN">Keyword 'Swipe' converts the values of 'start_x', 'start_y', 'end_x', 'end_y' to integer.</msg>
<msg timestamp="20250803 22:05:24.443" level="WARN">Keyword 'Swipe' converts the values of 'start_x', 'start_y', 'end_x', 'end_y' to integer.</msg>
<msg timestamp="20250803 22:05:24.444" level="WARN">Keyword 'Swipe' converts the values of 'start_x', 'start_y', 'end_x', 'end_y' to integer.</msg>
<msg timestamp="20250803 22:05:24.445" level="WARN">Keyword 'Swipe' converts the values of 'start_x', 'start_y', 'end_x', 'end_y' to integer.</msg>
<msg timestamp="20250803 22:05:24.445" level="WARN">Keyword 'Swipe' converts the values of 'start_x', 'start_y', 'end_x', 'end_y' to integer.</msg>
<msg timestamp="20250803 22:05:27.971" level="WARN">Keyword 'Swipe' converts the values of 'start_x', 'start_y', 'end_x', 'end_y' to integer.</msg>
<msg timestamp="20250803 22:05:27.972" level="WARN">Keyword 'Swipe' converts the values of 'start_x', 'start_y', 'end_x', 'end_y' to integer.</msg>
<msg timestamp="20250803 22:05:27.972" level="WARN">Keyword 'Swipe' converts the values of 'start_x', 'start_y', 'end_x', 'end_y' to integer.</msg>
<msg timestamp="20250803 22:05:27.973" level="WARN">Keyword 'Swipe' converts the values of 'start_x', 'start_y', 'end_x', 'end_y' to integer.</msg>
<msg timestamp="20250803 22:05:31.471" level="WARN">Keyword 'Swipe' converts the values of 'start_x', 'start_y', 'end_x', 'end_y' to integer.</msg>
<msg timestamp="20250803 22:05:31.471" level="WARN">Keyword 'Swipe' converts the values of 'start_x', 'start_y', 'end_x', 'end_y' to integer.</msg>
<msg timestamp="20250803 22:05:31.472" level="WARN">Keyword 'Swipe' converts the values of 'start_x', 'start_y', 'end_x', 'end_y' to integer.</msg>
<msg timestamp="20250803 22:05:31.472" level="WARN">Keyword 'Swipe' converts the values of 'start_x', 'start_y', 'end_x', 'end_y' to integer.</msg>
<msg timestamp="20250803 22:05:43.109" level="WARN">Keyword 'Swipe' converts the values of 'start_x', 'start_y', 'end_x', 'end_y' to integer.</msg>
<msg timestamp="20250803 22:05:43.110" level="WARN">Keyword 'Swipe' converts the values of 'start_x', 'start_y', 'end_x', 'end_y' to integer.</msg>
<msg timestamp="20250803 22:05:43.110" level="WARN">Keyword 'Swipe' converts the values of 'start_x', 'start_y', 'end_x', 'end_y' to integer.</msg>
<msg timestamp="20250803 22:05:43.111" level="WARN">Keyword 'Swipe' converts the values of 'start_x', 'start_y', 'end_x', 'end_y' to integer.</msg>
<msg timestamp="20250803 22:05:55.755" level="WARN">Keyword 'Swipe' converts the values of 'start_x', 'start_y', 'end_x', 'end_y' to integer.</msg>
<msg timestamp="20250803 22:05:55.756" level="WARN">Keyword 'Swipe' converts the values of 'start_x', 'start_y', 'end_x', 'end_y' to integer.</msg>
<msg timestamp="20250803 22:05:55.756" level="WARN">Keyword 'Swipe' converts the values of 'start_x', 'start_y', 'end_x', 'end_y' to integer.</msg>
<msg timestamp="20250803 22:05:55.757" level="WARN">Keyword 'Swipe' converts the values of 'start_x', 'start_y', 'end_x', 'end_y' to integer.</msg>
<msg timestamp="20250803 22:06:25.325" level="WARN">Keyword 'Swipe' converts the values of 'start_x', 'start_y', 'end_x', 'end_y' to integer.</msg>
<msg timestamp="20250803 22:06:25.326" level="WARN">Keyword 'Swipe' converts the values of 'start_x', 'start_y', 'end_x', 'end_y' to integer.</msg>
<msg timestamp="20250803 22:06:25.326" level="WARN">Keyword 'Swipe' converts the values of 'start_x', 'start_y', 'end_x', 'end_y' to integer.</msg>
<msg timestamp="20250803 22:06:25.326" level="WARN">Keyword 'Swipe' converts the values of 'start_x', 'start_y', 'end_x', 'end_y' to integer.</msg>
<msg timestamp="20250803 22:06:37.038" level="WARN">Keyword 'Swipe' converts the values of 'start_x', 'start_y', 'end_x', 'end_y' to integer.</msg>
<msg timestamp="20250803 22:06:37.039" level="WARN">Keyword 'Swipe' converts the values of 'start_x', 'start_y', 'end_x', 'end_y' to integer.</msg>
<msg timestamp="20250803 22:06:37.039" level="WARN">Keyword 'Swipe' converts the values of 'start_x', 'start_y', 'end_x', 'end_y' to integer.</msg>
<msg timestamp="20250803 22:06:37.040" level="WARN">Keyword 'Swipe' converts the values of 'start_x', 'start_y', 'end_x', 'end_y' to integer.</msg>
<msg timestamp="20250803 22:07:23.452" level="WARN">Keyword 'Swipe' converts the values of 'start_x', 'start_y', 'end_x', 'end_y' to integer.</msg>
<msg timestamp="20250803 22:07:23.453" level="WARN">Keyword 'Swipe' converts the values of 'start_x', 'start_y', 'end_x', 'end_y' to integer.</msg>
<msg timestamp="20250803 22:07:23.454" level="WARN">Keyword 'Swipe' converts the values of 'start_x', 'start_y', 'end_x', 'end_y' to integer.</msg>
<msg timestamp="20250803 22:07:23.454" level="WARN">Keyword 'Swipe' converts the values of 'start_x', 'start_y', 'end_x', 'end_y' to integer.</msg>
<msg timestamp="20250803 22:07:27.800" level="WARN">Keyword 'Swipe' converts the values of 'start_x', 'start_y', 'end_x', 'end_y' to integer.</msg>
<msg timestamp="20250803 22:07:27.800" level="WARN">Keyword 'Swipe' converts the values of 'start_x', 'start_y', 'end_x', 'end_y' to integer.</msg>
<msg timestamp="20250803 22:07:27.800" level="WARN">Keyword 'Swipe' converts the values of 'start_x', 'start_y', 'end_x', 'end_y' to integer.</msg>
<msg timestamp="20250803 22:07:27.801" level="WARN">Keyword 'Swipe' converts the values of 'start_x', 'start_y', 'end_x', 'end_y' to integer.</msg>
<msg timestamp="20250803 22:07:32.013" level="WARN">Keyword 'Swipe' converts the values of 'start_x', 'start_y', 'end_x', 'end_y' to integer.</msg>
<msg timestamp="20250803 22:07:32.014" level="WARN">Keyword 'Swipe' converts the values of 'start_x', 'start_y', 'end_x', 'end_y' to integer.</msg>
<msg timestamp="20250803 22:07:32.014" level="WARN">Keyword 'Swipe' converts the values of 'start_x', 'start_y', 'end_x', 'end_y' to integer.</msg>
<msg timestamp="20250803 22:07:32.015" level="WARN">Keyword 'Swipe' converts the values of 'start_x', 'start_y', 'end_x', 'end_y' to integer.</msg>
<msg timestamp="20250803 22:07:36.327" level="WARN">Keyword 'Swipe' converts the values of 'start_x', 'start_y', 'end_x', 'end_y' to integer.</msg>
<msg timestamp="20250803 22:07:36.327" level="WARN">Keyword 'Swipe' converts the values of 'start_x', 'start_y', 'end_x', 'end_y' to integer.</msg>
<msg timestamp="20250803 22:07:36.328" level="WARN">Keyword 'Swipe' converts the values of 'start_x', 'start_y', 'end_x', 'end_y' to integer.</msg>
<msg timestamp="20250803 22:07:36.328" level="WARN">Keyword 'Swipe' converts the values of 'start_x', 'start_y', 'end_x', 'end_y' to integer.</msg>
<msg timestamp="20250803 22:07:40.504" level="WARN">Keyword 'Swipe' converts the values of 'start_x', 'start_y', 'end_x', 'end_y' to integer.</msg>
<msg timestamp="20250803 22:07:40.505" level="WARN">Keyword 'Swipe' converts the values of 'start_x', 'start_y', 'end_x', 'end_y' to integer.</msg>
<msg timestamp="20250803 22:07:40.506" level="WARN">Keyword 'Swipe' converts the values of 'start_x', 'start_y', 'end_x', 'end_y' to integer.</msg>
<msg timestamp="20250803 22:07:40.506" level="WARN">Keyword 'Swipe' converts the values of 'start_x', 'start_y', 'end_x', 'end_y' to integer.</msg>
<msg timestamp="20250803 22:08:03.785" level="WARN">Keyword 'Swipe' converts the values of 'start_x', 'start_y', 'end_x', 'end_y' to integer.</msg>
<msg timestamp="20250803 22:08:03.786" level="WARN">Keyword 'Swipe' converts the values of 'start_x', 'start_y', 'end_x', 'end_y' to integer.</msg>
<msg timestamp="20250803 22:08:03.786" level="WARN">Keyword 'Swipe' converts the values of 'start_x', 'start_y', 'end_x', 'end_y' to integer.</msg>
<msg timestamp="20250803 22:08:03.787" level="WARN">Keyword 'Swipe' converts the values of 'start_x', 'start_y', 'end_x', 'end_y' to integer.</msg>
<msg timestamp="20250803 22:08:07.982" level="WARN">Keyword 'Swipe' converts the values of 'start_x', 'start_y', 'end_x', 'end_y' to integer.</msg>
<msg timestamp="20250803 22:08:07.983" level="WARN">Keyword 'Swipe' converts the values of 'start_x', 'start_y', 'end_x', 'end_y' to integer.</msg>
<msg timestamp="20250803 22:08:07.983" level="WARN">Keyword 'Swipe' converts the values of 'start_x', 'start_y', 'end_x', 'end_y' to integer.</msg>
<msg timestamp="20250803 22:08:07.984" level="WARN">Keyword 'Swipe' converts the values of 'start_x', 'start_y', 'end_x', 'end_y' to integer.</msg>
</errors>
</robot>
